[Licensing::Module] Trying to connect to existing licensing client channel...
Built from '6000.2/respin/6000.2.6f2-cc51a95c03' branch; Version is '6000.2.6f2 (4a4dcaec6541) revision 4869578'; Using compiler version '194234433'; Build Type 'Release'
[Licensing::IpcConnector] Successfully connected to: "LicenseClient-Mikkel Syse Grøsland" at "2025-10-04T09:19:10.7776468Z"
OS: 'Windows 11  (10.0.26100) 64bit Professional' Language: 'en' Physical Memory: 32680 MB
BatchMode: 1, IsHumanControllingUs: 0, StartBugReporterOnCrash: 0, Is64bit: 1
Date: 2025-10-04T09:19:10Z

COMMAND LINE ARGUMENTS:
C:\Program Files\Unity\Hub\Editor\6000.2.6f2\Editor\Unity.exe
-adb2
-batchMode
-noUpm
-name
AssetImportWorker4
-projectPath
C:/Users/Mikkel Syse Grøsland/Documents/Projects/realmsofeldor
-logFile
Logs/AssetImportWorker4.log
-srvPort
59572
-licensingIpc
LicenseClient-Mikkel Syse Grøsland
-job-worker-count
5
-background-job-worker-count
8
-gc-helper-count
1
-name
AssetImport
Successfully changed project path to: C:/Users/Mikkel Syse Grøsland/Documents/Projects/realmsofeldor
C:/Users/Mikkel Syse Grøsland/Documents/Projects/realmsofeldor
[UnityMemory] Configuration Parameters - Can be set up in boot.config
    "memorysetup-allocator-temp-initial-block-size-main=262144"
    "memorysetup-allocator-temp-initial-block-size-worker=262144"
    "memorysetup-bucket-allocator-granularity=16"
    "memorysetup-bucket-allocator-bucket-count=8"
    "memorysetup-bucket-allocator-block-size=33554432"
    "memorysetup-bucket-allocator-block-count=8"
    "memorysetup-main-allocator-block-size=16777216"
    "memorysetup-thread-allocator-block-size=16777216"
    "memorysetup-gfx-main-allocator-block-size=16777216"
    "memorysetup-gfx-thread-allocator-block-size=16777216"
    "memorysetup-cache-allocator-block-size=4194304"
    "memorysetup-typetree-allocator-block-size=2097152"
    "memorysetup-profiler-bucket-allocator-granularity=16"
    "memorysetup-profiler-bucket-allocator-bucket-count=8"
    "memorysetup-profiler-bucket-allocator-block-size=33554432"
    "memorysetup-profiler-bucket-allocator-block-count=8"
    "memorysetup-profiler-allocator-block-size=16777216"
    "memorysetup-profiler-editor-allocator-block-size=1048576"
    "memorysetup-temp-allocator-size-main=16777216"
    "memorysetup-job-temp-allocator-block-size=2097152"
    "memorysetup-job-temp-allocator-block-size-background=1048576"
    "memorysetup-job-temp-allocator-reduction-small-platforms=262144"
    "memorysetup-temp-allocator-size-background-worker=32768"
    "memorysetup-temp-allocator-size-job-worker=262144"
    "memorysetup-temp-allocator-size-preload-manager=33554432"
    "memorysetup-temp-allocator-size-nav-mesh-worker=65536"
    "memorysetup-temp-allocator-size-audio-worker=65536"
    "memorysetup-temp-allocator-size-cloud-worker=32768"
    "memorysetup-temp-allocator-size-gi-baking-worker=262144"
    "memorysetup-temp-allocator-size-gi-baking-worker=262144"
    "memorysetup-temp-allocator-size-gi-baking-worker=262144"
    "memorysetup-temp-allocator-size-gi-baking-worker=262144"
    "memorysetup-temp-allocator-size-gi-baking-worker=262144"
    "memorysetup-temp-allocator-size-gfx=262144"
Player connection [33304]  Target information:

Player connection [33304]  * "[IP] 10.0.0.9 [Port] 0 [Flags] 2 [Guid] 2773495716 [EditorId] 2773495716 [Version] 1048832 [Id] WindowsEditor(7,Fractal-PC) [Debug] 1 [PackageName] WindowsEditor [ProjectName] Editor" 

Player connection [33304]  * "[IP] 172.27.240.1 [Port] 0 [Flags] 2 [Guid] 2773495716 [EditorId] 2773495716 [Version] 1048832 [Id] WindowsEditor(7,Fractal-PC) [Debug] 1 [PackageName] WindowsEditor [ProjectName] Editor" 

Player connection [33304]  * "[IP] 172.22.224.1 [Port] 0 [Flags] 2 [Guid] 2773495716 [EditorId] 2773495716 [Version] 1048832 [Id] WindowsEditor(7,Fractal-PC) [Debug] 1 [PackageName] WindowsEditor [ProjectName] Editor" 

Player connection [33304] Host joined multi-casting on [225.0.0.222:54997]...
Player connection [33304] Host joined alternative multi-casting on [225.0.0.222:34997]...
JobSystem: Creating JobQueue using job-worker-count value 5
Input System module state changed to: Initialized.
[Physics::Module] Initialized fallback backend.
[Physics::Module] Id: 0xdecafbad
Library Redirect Path: Library/
[Licensing::Client] Code 10 while verifying Licensing Client signature (process Id: 22856, path: "C:/Program Files/Unity Hub/UnityLicensingClient_V1/Unity.Licensing.Client.exe")
[Licensing::Module] LicensingClient has failed validation; ignoring
[Licensing::Client] Handshaking with LicensingClient:
  Version:                 1.17.3+a4e98f1
  Session Id:              1132a338ae6848c0a10bbd585071f14e
  Correlation Id:          4fee63712c40def62bd29cc9f4801198
  External correlation Id: 3273781913666571739
  Machine Id:              fRj4ZRPgaD2KDM7124VReX3c9nQ=
[Licensing::Module] Successfully connected to LicensingClient on channel: "LicenseClient-Mikkel Syse Grøsland" (connect: 0.00s, validation: 0.00s, handshake: 0.14s)
[Licensing::IpcConnector] Successfully connected to: "LicenseClient-Mikkel Syse Grøsland-notifications" at "2025-10-04T09:19:10.9236824Z"
[Licensing::Module] Licensing Background thread has ended after 0.15s
[Physics::Module] Selected backend.
[Physics::Module] Name: PhysX
[Physics::Module] Id: 0xf2b8ea05
[Physics::Module] SDK Version: 4.1.2
[Physics::Module] Integration Version: 1.0.0
[Physics::Module] Threading Mode: Multi-Threaded
Refreshing native plugins compatible for Editor in 191.48 ms, found 4 plugins.
Preloading 0 native plugins for Editor in 0.00 ms.
Initialize engine version: 6000.2.6f2 (4a4dcaec6541)
[Subsystems] Discovering subsystems at path C:/Program Files/Unity/Hub/Editor/6000.2.6f2/Editor/Data/Resources/UnitySubsystems
[Subsystems] Discovering subsystems at path C:/Users/Mikkel Syse Grøsland/Documents/Projects/realmsofeldor/Assets
GfxDevice: creating device client; kGfxThreadingModeNonThreaded
d3d12: failed to query info queue interface (0x80004002).
Direct3D:
    Version:         Direct3D 12 [level 12.1]
    Renderer:        NVIDIA GeForce GTX 1660 (ID=0x2184)
    Vendor:          NVIDIA
    VRAM:            5966 MB
    App VRAM Budget: 5198 MB
    Driver:          32.0.15.6094
Initialize mono
Mono path[0] = 'C:/Program Files/Unity/Hub/Editor/6000.2.6f2/Editor/Data/Managed'
Mono path[1] = 'C:/Program Files/Unity/Hub/Editor/6000.2.6f2/Editor/Data/MonoBleedingEdge/lib/mono/unityjit-win32'
Mono config path = 'C:/Program Files/Unity/Hub/Editor/6000.2.6f2/Editor/Data/MonoBleedingEdge/etc'
Using monoOptions --debugger-agent=transport=dt_socket,embedding=1,server=y,suspend=n,address=127.0.0.1:56192
Begin MonoManager ReloadAssembly
Registering precompiled unity dll's ...
Register platform support module: C:/Program Files/Unity/Hub/Editor/6000.2.6f2/Editor/Data/PlaybackEngines/WebGLSupport/UnityEditor.WebGL.Extensions.dll
Register platform support module: C:/Program Files/Unity/Hub/Editor/6000.2.6f2/Editor/Data/PlaybackEngines/WindowsStandaloneSupport/UnityEditor.WindowsStandalone.Extensions.dll
Registered in 0.002387 seconds.
- Loaded All Assemblies, in 12.243 seconds
Native extension for WindowsStandalone target not found
Native extension for WebGL target not found
Mono: successfully reloaded assembly
- Finished resetting the current domain, in  0.415 seconds
Domain Reload Profiling: 12656ms
	BeginReloadAssembly (10167ms)
		ExecutionOrderSort (0ms)
		DisableScriptedObjects (0ms)
		BackupInstance (0ms)
		ReleaseScriptingObjects (0ms)
		CreateAndSetChildDomain (1ms)
	RebuildCommonClasses (578ms)
	RebuildNativeTypeToScriptingClass (14ms)
	initialDomainReloadingComplete (57ms)
	LoadAllAssembliesAndSetupDomain (1423ms)
		LoadAssemblies (10171ms)
		RebuildTransferFunctionScriptingTraits (0ms)
		AnalyzeDomain (1413ms)
			TypeCache.Refresh (1411ms)
				TypeCache.ScanAssembly (1106ms)
			BuildScriptInfoCaches (0ms)
			ResolveRequiredComponents (1ms)
	FinalizeReload (415ms)
		ReleaseScriptCaches (0ms)
		RebuildScriptCaches (0ms)
		SetupLoadedEditorAssemblies (364ms)
			LogAssemblyErrors (0ms)
			InitializePlatformSupportModulesInManaged (61ms)
			SetLoadedEditorAssemblies (5ms)
			BeforeProcessingInitializeOnLoad (76ms)
			ProcessInitializeOnLoadAttributes (150ms)
			ProcessInitializeOnLoadMethodAttributes (74ms)
			AfterProcessingInitializeOnLoad (0ms)
			EditorAssembliesLoaded (0ms)
		ExecutionOrderSort2 (0ms)
		AwakeInstancesAfterBackupRestoration (0ms)
Assembly reference Packages/com.unity.cinemachine/Editor/Samples/ExposeHDRPInternals/HDRP-Editor-ref.asmref has no target assembly definition
========================================================================
Worker process is ready to serve import requests
Import Worker Mode flag is 0x00
Assembly reference Packages/com.unity.cinemachine/Editor/Samples/ExposeHDRPInternals/HDRP-Editor-ref.asmref has no target assembly definition
Assembly reference Packages/com.unity.cinemachine/Editor/Samples/ExposeHDRPInternals/HDRP-Editor-ref.asmref has no target assembly definition
Begin MonoManager ReloadAssembly
[Licensing::Client] Successfully resolved entitlement details
[Licensing::Module] License group:
  Id: 1244375-UnityPersXXXX
  Product: Unity Personal
  Type: Assigned
  Expiration: Unlimited
Symbol file LoadedFromMemory is not a mono symbol file
- Loaded All Assemblies, in  8.285 seconds
Assembly reference Packages/com.unity.cinemachine/Editor/Samples/ExposeHDRPInternals/HDRP-Editor-ref.asmref has no target assembly definition
'Packages/com.unity.cinemachine/Editor/Obsolete/CinemachineVirtualCameraBaseEditor.cs' contains partial class of Unity.Object, exactly 1 of the partial classes needs to be in a file with the same filename. This is to know the one that can be referenced from ie. GameObjects
'Packages/com.unity.cinemachine/Editor/Editors/CinemachineVirtualCameraBaseEditor.cs' contains partial class of Unity.Object, exactly 1 of the partial classes needs to be in a file with the same filename. This is to know the one that can be referenced from ie. GameObjects
Refreshing native plugins compatible for Editor in 4.15 ms, found 4 plugins.
Native extension for WindowsStandalone target not found
Native extension for WebGL target not found
Assembly reference Packages/com.unity.cinemachine/Editor/Samples/ExposeHDRPInternals/HDRP-Editor-ref.asmref has no target assembly definition
Package Manager log level set to [2]
[Package Manager] Failed to launch server process. Reason: Unity was launched with the -noUpm command-line argument
[Package Manager] Unable to send message (not connected to server process).
[Package Manager] Cannot connect to Unity Package Manager local server
[Package Manager] Failed to launch server process. Reason: Unity was launched with the -noUpm command-line argument
[Package Manager] Unable to send message (not connected to server process).
[Package Manager] Cannot connect to Unity Package Manager local server
Mono: successfully reloaded assembly
- Finished resetting the current domain, in  0.979 seconds
Domain Reload Profiling: 9256ms
	BeginReloadAssembly (236ms)
		ExecutionOrderSort (0ms)
		DisableScriptedObjects (8ms)
		BackupInstance (0ms)
		ReleaseScriptingObjects (0ms)
		CreateAndSetChildDomain (36ms)
	RebuildCommonClasses (64ms)
	RebuildNativeTypeToScriptingClass (14ms)
	initialDomainReloadingComplete (64ms)
	LoadAllAssembliesAndSetupDomain (7899ms)
		LoadAssemblies (6599ms)
		RebuildTransferFunctionScriptingTraits (0ms)
		AnalyzeDomain (1432ms)
			TypeCache.Refresh (1183ms)
				TypeCache.ScanAssembly (1149ms)
			BuildScriptInfoCaches (199ms)
			ResolveRequiredComponents (42ms)
	FinalizeReload (979ms)
		ReleaseScriptCaches (0ms)
		RebuildScriptCaches (0ms)
		SetupLoadedEditorAssemblies (801ms)
			LogAssemblyErrors (0ms)
			InitializePlatformSupportModulesInManaged (2ms)
			SetLoadedEditorAssemblies (4ms)
			BeforeProcessingInitializeOnLoad (178ms)
			ProcessInitializeOnLoadAttributes (470ms)
			ProcessInitializeOnLoadMethodAttributes (139ms)
			AfterProcessingInitializeOnLoad (7ms)
			EditorAssembliesLoaded (0ms)
		ExecutionOrderSort2 (0ms)
		AwakeInstancesAfterBackupRestoration (6ms)
Launched and connected shader compiler UnityShaderCompiler.exe after 0.04 seconds
Refreshing native plugins compatible for Editor in 1.91 ms, found 4 plugins.
Preloading 0 native plugins for Editor in 0.00 ms.
Unloading 37 Unused Serialized files (Serialized files now loaded: 0)
Unloading 7512 unused Assets / (7.5 MB). Loaded Objects now: 8183.
Memory consumption went from 149.8 MB to 142.2 MB.
Total: 11.452400 ms (FindLiveObjects: 0.888600 ms CreateObjectMapping: 1.377900 ms MarkObjects: 5.567800 ms  DeleteObjects: 3.617400 ms)

========================================================================
Received Prepare
'Packages/com.unity.cinemachine/Editor/Obsolete/CinemachineVirtualCameraBaseEditor.cs' contains partial class of Unity.Object, exactly 1 of the partial classes needs to be in a file with the same filename. This is to know the one that can be referenced from ie. GameObjects
'Packages/com.unity.cinemachine/Editor/Editors/CinemachineVirtualCameraBaseEditor.cs' contains partial class of Unity.Object, exactly 1 of the partial classes needs to be in a file with the same filename. This is to know the one that can be referenced from ie. GameObjects
Refreshing native plugins compatible for Editor in 1.97 ms, found 4 plugins.
Preloading 0 native plugins for Editor in 0.00 ms.
Unloading 37 Unused Serialized files (Serialized files now loaded: 0)
Unloading 7499 unused Assets / (7.5 MB). Loaded Objects now: 8183.
Memory consumption went from 148.7 MB to 141.2 MB.
Total: 13.428900 ms (FindLiveObjects: 0.868300 ms CreateObjectMapping: 1.531100 ms MarkObjects: 6.205300 ms  DeleteObjects: 4.823100 ms)

Prepare: number of updated asset objects reloaded= 0
========================================================================
Received Import Request.
  Time since last request: 2099813.270870 seconds.
  path: Assets/Scripts/Tests/EditMode/MapTileTests.cs
  artifactKey: Guid(b2c3d4e5f6a7b8c9d0e1f2a3b4c5d6e7) Importer(2089858483,192608db42251d675da83286b1cce702)
Start importing Assets/Scripts/Tests/EditMode/MapTileTests.cs using Guid(b2c3d4e5f6a7b8c9d0e1f2a3b4c5d6e7) Importer(2089858483,192608db42251d675da83286b1cce702) (ScriptedImporter) -> (artifact id: 'd752b66ade3e40082d9c4c1fb743ec26') in 0.2721122 seconds
Number of updated asset objects reloaded before import = 0Number of asset objects unloaded after import = 0

========================================================================
Received Prepare
'Packages/com.unity.cinemachine/Editor/Obsolete/CinemachineVirtualCameraBaseEditor.cs' contains partial class of Unity.Object, exactly 1 of the partial classes needs to be in a file with the same filename. This is to know the one that can be referenced from ie. GameObjects
'Packages/com.unity.cinemachine/Editor/Editors/CinemachineVirtualCameraBaseEditor.cs' contains partial class of Unity.Object, exactly 1 of the partial classes needs to be in a file with the same filename. This is to know the one that can be referenced from ie. GameObjects
Refreshing native plugins compatible for Editor in 2.11 ms, found 4 plugins.
Preloading 0 native plugins for Editor in 0.00 ms.
Unloading 37 Unused Serialized files (Serialized files now loaded: 0)
Unloading 7499 unused Assets / (7.6 MB). Loaded Objects now: 8185.
Memory consumption went from 149.6 MB to 142.0 MB.
Total: 13.004000 ms (FindLiveObjects: 0.948500 ms CreateObjectMapping: 1.410400 ms MarkObjects: 6.717200 ms  DeleteObjects: 3.926400 ms)

Prepare: number of updated asset objects reloaded= 0
========================================================================
Received Import Request.
  Time since last request: 1205.393236 seconds.
  path: Assets/Scripts/Controllers/AstarPathfindingAdapter.cs
  artifactKey: Guid(f35b3a905735e2c4eaaa1308159a44ff) Importer(2089858483,192608db42251d675da83286b1cce702)
Start importing Assets/Scripts/Controllers/AstarPathfindingAdapter.cs using Guid(f35b3a905735e2c4eaaa1308159a44ff) Importer(2089858483,192608db42251d675da83286b1cce702) (ScriptedImporter) -> (artifact id: '49870b11c6cde8b31f2b760192534435') in 0.0140207 seconds
Number of updated asset objects reloaded before import = 0Number of asset objects unloaded after import = 0

========================================================================
Received Import Request.
  Time since last request: 0.000017 seconds.
  path: Assets/Scripts/Controllers/HeroController.cs
  artifactKey: Guid(8eee56f3e48a9094696b672655867b25) Importer(2089858483,192608db42251d675da83286b1cce702)
Start importing Assets/Scripts/Controllers/HeroController.cs using Guid(8eee56f3e48a9094696b672655867b25) Importer(2089858483,192608db42251d675da83286b1cce702) (ScriptedImporter) -> (artifact id: 'e742052a9359a8d96d47938ec6804d7e') in 0.0122824 seconds
Number of updated asset objects reloaded before import = 0Number of asset objects unloaded after import = 0

========================================================================
Received Prepare
'Packages/com.unity.cinemachine/Editor/Obsolete/CinemachineVirtualCameraBaseEditor.cs' contains partial class of Unity.Object, exactly 1 of the partial classes needs to be in a file with the same filename. This is to know the one that can be referenced from ie. GameObjects
'Packages/com.unity.cinemachine/Editor/Editors/CinemachineVirtualCameraBaseEditor.cs' contains partial class of Unity.Object, exactly 1 of the partial classes needs to be in a file with the same filename. This is to know the one that can be referenced from ie. GameObjects
Refreshing native plugins compatible for Editor in 2.31 ms, found 4 plugins.
Preloading 0 native plugins for Editor in 0.00 ms.
Unloading 37 Unused Serialized files (Serialized files now loaded: 0)
Unloading 7499 unused Assets / (8.0 MB). Loaded Objects now: 8185.
Memory consumption went from 149.6 MB to 141.6 MB.
Total: 13.858100 ms (FindLiveObjects: 0.861100 ms CreateObjectMapping: 1.762700 ms MarkObjects: 6.477400 ms  DeleteObjects: 4.755200 ms)

Prepare: number of updated asset objects reloaded= 0
========================================================================
Received Import Request.
  Time since last request: 122.339874 seconds.
  path: Assets/Scripts/Controllers/AdventureMapInputController.cs
  artifactKey: Guid(afeb7084a276df5438e4e341c93bb323) Importer(2089858483,192608db42251d675da83286b1cce702)
Start importing Assets/Scripts/Controllers/AdventureMapInputController.cs using Guid(afeb7084a276df5438e4e341c93bb323) Importer(2089858483,192608db42251d675da83286b1cce702) (ScriptedImporter) -> (artifact id: 'a7fad06ced753cfbb5cdda8a6acf966c') in 0.0135457 seconds
Number of updated asset objects reloaded before import = 0Number of asset objects unloaded after import = 0

========================================================================
Received Prepare
'Packages/com.unity.cinemachine/Editor/Obsolete/CinemachineVirtualCameraBaseEditor.cs' contains partial class of Unity.Object, exactly 1 of the partial classes needs to be in a file with the same filename. This is to know the one that can be referenced from ie. GameObjects
'Packages/com.unity.cinemachine/Editor/Editors/CinemachineVirtualCameraBaseEditor.cs' contains partial class of Unity.Object, exactly 1 of the partial classes needs to be in a file with the same filename. This is to know the one that can be referenced from ie. GameObjects
Refreshing native plugins compatible for Editor in 2.43 ms, found 4 plugins.
Preloading 0 native plugins for Editor in 0.00 ms.
Unloading 37 Unused Serialized files (Serialized files now loaded: 0)
Unloading 7499 unused Assets / (7.6 MB). Loaded Objects now: 8185.
Memory consumption went from 149.6 MB to 142.0 MB.
Total: 12.066100 ms (FindLiveObjects: 0.886900 ms CreateObjectMapping: 1.504400 ms MarkObjects: 5.689100 ms  DeleteObjects: 3.984600 ms)

Prepare: number of updated asset objects reloaded= 0
========================================================================
Received Import Request.
  Time since last request: 28.415762 seconds.
  path: Assets/Scripts/UI/InfoBarUI.cs
  artifactKey: Guid(ca0a3d1ef9d2a834a9a77d23c11016ad) Importer(2089858483,192608db42251d675da83286b1cce702)
Start importing Assets/Scripts/UI/InfoBarUI.cs using Guid(ca0a3d1ef9d2a834a9a77d23c11016ad) Importer(2089858483,192608db42251d675da83286b1cce702) (ScriptedImporter) -> (artifact id: '16aeb0edc21662e62abcacbe276143e8') in 0.0131543 seconds
Number of updated asset objects reloaded before import = 0Number of asset objects unloaded after import = 0

========================================================================
Received Prepare
'Packages/com.unity.cinemachine/Editor/Obsolete/CinemachineVirtualCameraBaseEditor.cs' contains partial class of Unity.Object, exactly 1 of the partial classes needs to be in a file with the same filename. This is to know the one that can be referenced from ie. GameObjects
'Packages/com.unity.cinemachine/Editor/Editors/CinemachineVirtualCameraBaseEditor.cs' contains partial class of Unity.Object, exactly 1 of the partial classes needs to be in a file with the same filename. This is to know the one that can be referenced from ie. GameObjects
Refreshing native plugins compatible for Editor in 2.69 ms, found 4 plugins.
Preloading 0 native plugins for Editor in 0.00 ms.
Unloading 37 Unused Serialized files (Serialized files now loaded: 0)
Unloading 7499 unused Assets / (7.5 MB). Loaded Objects now: 8185.
Memory consumption went from 149.5 MB to 142.0 MB.
Total: 14.333200 ms (FindLiveObjects: 0.964800 ms CreateObjectMapping: 1.636500 ms MarkObjects: 6.324500 ms  DeleteObjects: 5.406200 ms)

Prepare: number of updated asset objects reloaded= 0
========================================================================
Received Import Request.
  Time since last request: 64.353519 seconds.
  path: Assets/Scripts/UI/TurnControlUI.cs
  artifactKey: Guid(4e02b29d7b128184ea415e9cc226010f) Importer(2089858483,192608db42251d675da83286b1cce702)
Start importing Assets/Scripts/UI/TurnControlUI.cs using Guid(4e02b29d7b128184ea415e9cc226010f) Importer(2089858483,192608db42251d675da83286b1cce702) (ScriptedImporter) -> (artifact id: '4039b2160003362e56746dea43a1240a') in 0.0140726 seconds
Number of updated asset objects reloaded before import = 0Number of asset objects unloaded after import = 0

========================================================================
Received Import Request.
  Time since last request: 102.385842 seconds.
  path: Assets/Scripts/UI/RealmsOfEldor.UI.asmdef
  artifactKey: Guid(f30db5cde83203441bd7ecf3aef4be18) Importer(2089858483,192608db42251d675da83286b1cce702)
Start importing Assets/Scripts/UI/RealmsOfEldor.UI.asmdef using Guid(f30db5cde83203441bd7ecf3aef4be18) Importer(2089858483,192608db42251d675da83286b1cce702) (ScriptedImporter) -> (artifact id: '752f24c3a096c2482e54e1e3d86f3e33') in 0.0131383 seconds
Number of updated asset objects reloaded before import = 0Number of asset objects unloaded after import = 1

========================================================================
Received Prepare
'Packages/com.unity.cinemachine/Editor/Obsolete/CinemachineVirtualCameraBaseEditor.cs' contains partial class of Unity.Object, exactly 1 of the partial classes needs to be in a file with the same filename. This is to know the one that can be referenced from ie. GameObjects
'Packages/com.unity.cinemachine/Editor/Editors/CinemachineVirtualCameraBaseEditor.cs' contains partial class of Unity.Object, exactly 1 of the partial classes needs to be in a file with the same filename. This is to know the one that can be referenced from ie. GameObjects
Refreshing native plugins compatible for Editor in 1.95 ms, found 4 plugins.
Preloading 0 native plugins for Editor in 0.00 ms.
Unloading 37 Unused Serialized files (Serialized files now loaded: 0)
Unloading 7499 unused Assets / (7.9 MB). Loaded Objects now: 8185.
Memory consumption went from 149.6 MB to 141.7 MB.
Total: 13.688800 ms (FindLiveObjects: 0.875000 ms CreateObjectMapping: 1.427900 ms MarkObjects: 6.519800 ms  DeleteObjects: 4.864500 ms)

Prepare: number of updated asset objects reloaded= 0
========================================================================
Received Import Request.
  Time since last request: 101.396002 seconds.
  path: Assets/Scripts/Controllers/AdventureMapInputController.cs
  artifactKey: Guid(afeb7084a276df5438e4e341c93bb323) Importer(2089858483,192608db42251d675da83286b1cce702)
Start importing Assets/Scripts/Controllers/AdventureMapInputController.cs using Guid(afeb7084a276df5438e4e341c93bb323) Importer(2089858483,192608db42251d675da83286b1cce702) (ScriptedImporter) -> (artifact id: 'ea9f9108438306740aa4a7bbfd7c6ac7') in 0.0152642 seconds
Number of updated asset objects reloaded before import = 0Number of asset objects unloaded after import = 0

========================================================================
Received Prepare
'Packages/com.unity.cinemachine/Editor/Obsolete/CinemachineVirtualCameraBaseEditor.cs' contains partial class of Unity.Object, exactly 1 of the partial classes needs to be in a file with the same filename. This is to know the one that can be referenced from ie. GameObjects
'Packages/com.unity.cinemachine/Editor/Editors/CinemachineVirtualCameraBaseEditor.cs' contains partial class of Unity.Object, exactly 1 of the partial classes needs to be in a file with the same filename. This is to know the one that can be referenced from ie. GameObjects
Refreshing native plugins compatible for Editor in 2.45 ms, found 4 plugins.
Preloading 0 native plugins for Editor in 0.00 ms.
Unloading 37 Unused Serialized files (Serialized files now loaded: 0)
Unloading 7499 unused Assets / (7.1 MB). Loaded Objects now: 8185.
Memory consumption went from 149.6 MB to 142.5 MB.
Total: 13.760800 ms (FindLiveObjects: 1.069600 ms CreateObjectMapping: 1.746800 ms MarkObjects: 6.148800 ms  DeleteObjects: 4.794400 ms)

Prepare: number of updated asset objects reloaded= 0
========================================================================
Received Import Request.
  Time since last request: 44.201577 seconds.
  path: Assets/Scripts/UI/InfoBarUI.cs
  artifactKey: Guid(ca0a3d1ef9d2a834a9a77d23c11016ad) Importer(2089858483,192608db42251d675da83286b1cce702)
Start importing Assets/Scripts/UI/InfoBarUI.cs using Guid(ca0a3d1ef9d2a834a9a77d23c11016ad) Importer(2089858483,192608db42251d675da83286b1cce702) (ScriptedImporter) -> (artifact id: 'c46cd899065abb1bf121d25ac18d5a27') in 0.0126159 seconds
Number of updated asset objects reloaded before import = 0Number of asset objects unloaded after import = 0

========================================================================
Received Prepare
'Packages/com.unity.cinemachine/Editor/Obsolete/CinemachineVirtualCameraBaseEditor.cs' contains partial class of Unity.Object, exactly 1 of the partial classes needs to be in a file with the same filename. This is to know the one that can be referenced from ie. GameObjects
'Packages/com.unity.cinemachine/Editor/Editors/CinemachineVirtualCameraBaseEditor.cs' contains partial class of Unity.Object, exactly 1 of the partial classes needs to be in a file with the same filename. This is to know the one that can be referenced from ie. GameObjects
Refreshing native plugins compatible for Editor in 1.84 ms, found 4 plugins.
Preloading 0 native plugins for Editor in 0.00 ms.
Unloading 37 Unused Serialized files (Serialized files now loaded: 0)
Unloading 7499 unused Assets / (7.4 MB). Loaded Objects now: 8185.
Memory consumption went from 149.6 MB to 142.2 MB.
Total: 13.209700 ms (FindLiveObjects: 0.958300 ms CreateObjectMapping: 1.501000 ms MarkObjects: 6.419500 ms  DeleteObjects: 4.329900 ms)

Prepare: number of updated asset objects reloaded= 0
========================================================================
Received Import Request.
  Time since last request: 2122.244830 seconds.
  path: Assets/Scripts/UI/TurnControlUI.cs
  artifactKey: Guid(4e02b29d7b128184ea415e9cc226010f) Importer(2089858483,192608db42251d675da83286b1cce702)
Start importing Assets/Scripts/UI/TurnControlUI.cs using Guid(4e02b29d7b128184ea415e9cc226010f) Importer(2089858483,192608db42251d675da83286b1cce702) (ScriptedImporter) -> (artifact id: 'fd78e89563e3a45c897e47f46cdffe18') in 0.014755 seconds
Number of updated asset objects reloaded before import = 0Number of asset objects unloaded after import = 0

========================================================================
Received Prepare
'Packages/com.unity.cinemachine/Editor/Obsolete/CinemachineVirtualCameraBaseEditor.cs' contains partial class of Unity.Object, exactly 1 of the partial classes needs to be in a file with the same filename. This is to know the one that can be referenced from ie. GameObjects
'Packages/com.unity.cinemachine/Editor/Editors/CinemachineVirtualCameraBaseEditor.cs' contains partial class of Unity.Object, exactly 1 of the partial classes needs to be in a file with the same filename. This is to know the one that can be referenced from ie. GameObjects
Refreshing native plugins compatible for Editor in 2.41 ms, found 4 plugins.
Preloading 0 native plugins for Editor in 0.00 ms.
Unloading 37 Unused Serialized files (Serialized files now loaded: 0)
Unloading 7499 unused Assets / (8.0 MB). Loaded Objects now: 8185.
Memory consumption went from 149.6 MB to 141.5 MB.
Total: 17.692300 ms (FindLiveObjects: 0.943100 ms CreateObjectMapping: 1.874300 ms MarkObjects: 9.039900 ms  DeleteObjects: 5.833000 ms)

Prepare: number of updated asset objects reloaded= 0
========================================================================
Received Import Request.
  Time since last request: 4872.512000 seconds.
  path: Assets/Scripts/UI/InfoBarUI.cs
  artifactKey: Guid(ca0a3d1ef9d2a834a9a77d23c11016ad) Importer(2089858483,192608db42251d675da83286b1cce702)
Start importing Assets/Scripts/UI/InfoBarUI.cs using Guid(ca0a3d1ef9d2a834a9a77d23c11016ad) Importer(2089858483,192608db42251d675da83286b1cce702) (ScriptedImporter) -> (artifact id: '9615ae4cff06c1e343dde32c14dec6f1') in 0.017296 seconds
Number of updated asset objects reloaded before import = 0Number of asset objects unloaded after import = 0

========================================================================
Received Prepare
'Packages/com.unity.cinemachine/Editor/Obsolete/CinemachineVirtualCameraBaseEditor.cs' contains partial class of Unity.Object, exactly 1 of the partial classes needs to be in a file with the same filename. This is to know the one that can be referenced from ie. GameObjects
'Packages/com.unity.cinemachine/Editor/Editors/CinemachineVirtualCameraBaseEditor.cs' contains partial class of Unity.Object, exactly 1 of the partial classes needs to be in a file with the same filename. This is to know the one that can be referenced from ie. GameObjects
Refreshing native plugins compatible for Editor in 2.95 ms, found 4 plugins.
Preloading 0 native plugins for Editor in 0.00 ms.
Unloading 37 Unused Serialized files (Serialized files now loaded: 0)
Unloading 7499 unused Assets / (7.6 MB). Loaded Objects now: 8185.
Memory consumption went from 149.6 MB to 142.0 MB.
Total: 11.997200 ms (FindLiveObjects: 0.901100 ms CreateObjectMapping: 1.525900 ms MarkObjects: 5.503500 ms  DeleteObjects: 4.065700 ms)

Prepare: number of updated asset objects reloaded= 0
========================================================================
Received Import Request.
  Time since last request: 193.666426 seconds.
  path: Assets/Scripts/Controllers/AdventureMapInputController.cs
  artifactKey: Guid(afeb7084a276df5438e4e341c93bb323) Importer(2089858483,192608db42251d675da83286b1cce702)
Start importing Assets/Scripts/Controllers/AdventureMapInputController.cs using Guid(afeb7084a276df5438e4e341c93bb323) Importer(2089858483,192608db42251d675da83286b1cce702) (ScriptedImporter) -> (artifact id: '4194b6564096302acebe72c5dbf8e7b6') in 0.0138273 seconds
Number of updated asset objects reloaded before import = 0Number of asset objects unloaded after import = 0

========================================================================
Received Prepare
'Packages/com.unity.cinemachine/Editor/Obsolete/CinemachineVirtualCameraBaseEditor.cs' contains partial class of Unity.Object, exactly 1 of the partial classes needs to be in a file with the same filename. This is to know the one that can be referenced from ie. GameObjects
'Packages/com.unity.cinemachine/Editor/Editors/CinemachineVirtualCameraBaseEditor.cs' contains partial class of Unity.Object, exactly 1 of the partial classes needs to be in a file with the same filename. This is to know the one that can be referenced from ie. GameObjects
Refreshing native plugins compatible for Editor in 2.36 ms, found 4 plugins.
Preloading 0 native plugins for Editor in 0.00 ms.
Unloading 37 Unused Serialized files (Serialized files now loaded: 0)
Unloading 7499 unused Assets / (7.3 MB). Loaded Objects now: 8185.
Memory consumption went from 149.6 MB to 142.3 MB.
Total: 13.911500 ms (FindLiveObjects: 0.991700 ms CreateObjectMapping: 1.497700 ms MarkObjects: 7.204700 ms  DeleteObjects: 4.215700 ms)

Prepare: number of updated asset objects reloaded= 0
========================================================================
Received Import Request.
  Time since last request: 117.515596 seconds.
  path: Assets/Scripts/Tests/EditMode/BasicPathfinderTests.cs
  artifactKey: Guid(7acbb5033c146334eafc3be9b9f65932) Importer(2089858483,192608db42251d675da83286b1cce702)
Start importing Assets/Scripts/Tests/EditMode/BasicPathfinderTests.cs using Guid(7acbb5033c146334eafc3be9b9f65932) Importer(2089858483,192608db42251d675da83286b1cce702) (ScriptedImporter) -> (artifact id: 'd2d5c941353995d517bdfa24aff8e141') in 0.014186 seconds
Number of updated asset objects reloaded before import = 0Number of asset objects unloaded after import = 0

========================================================================
Received Prepare
'Packages/com.unity.cinemachine/Editor/Obsolete/CinemachineVirtualCameraBaseEditor.cs' contains partial class of Unity.Object, exactly 1 of the partial classes needs to be in a file with the same filename. This is to know the one that can be referenced from ie. GameObjects
'Packages/com.unity.cinemachine/Editor/Editors/CinemachineVirtualCameraBaseEditor.cs' contains partial class of Unity.Object, exactly 1 of the partial classes needs to be in a file with the same filename. This is to know the one that can be referenced from ie. GameObjects
Refreshing native plugins compatible for Editor in 4.83 ms, found 4 plugins.
Preloading 0 native plugins for Editor in 0.00 ms.
Unloading 37 Unused Serialized files (Serialized files now loaded: 0)
Unloading 7499 unused Assets / (7.1 MB). Loaded Objects now: 8185.
Memory consumption went from 149.6 MB to 142.6 MB.
Total: 31.026800 ms (FindLiveObjects: 2.006100 ms CreateObjectMapping: 4.629000 ms MarkObjects: 13.639000 ms  DeleteObjects: 10.751300 ms)

Prepare: number of updated asset objects reloaded= 0
========================================================================
Received Import Request.
  Time since last request: 122.005554 seconds.
  path: Assets/Scripts/UI/InfoBarUI.cs
  artifactKey: Guid(ca0a3d1ef9d2a834a9a77d23c11016ad) Importer(2089858483,192608db42251d675da83286b1cce702)
Start importing Assets/Scripts/UI/InfoBarUI.cs using Guid(ca0a3d1ef9d2a834a9a77d23c11016ad) Importer(2089858483,192608db42251d675da83286b1cce702) (ScriptedImporter) -> (artifact id: '2974293bfeb28710bbc64dec5147f0e6') in 0.0166636 seconds
Number of updated asset objects reloaded before import = 0Number of asset objects unloaded after import = 0

========================================================================
Received Import Request.
  Time since last request: 0.000016 seconds.
  path: Assets/Scripts/UI/ResourceBarUI.cs
  artifactKey: Guid(8be2396df45dba94dbebad35e6727d0d) Importer(2089858483,192608db42251d675da83286b1cce702)
Start importing Assets/Scripts/UI/ResourceBarUI.cs using Guid(8be2396df45dba94dbebad35e6727d0d) Importer(2089858483,192608db42251d675da83286b1cce702) (ScriptedImporter) -> (artifact id: '4e79602a16fc7cbfcb60f9d37a6c3c85') in 0.0127417 seconds
Number of updated asset objects reloaded before import = 0Number of asset objects unloaded after import = 0

========================================================================
Received Import Request.
  Time since last request: 55.818232 seconds.
  path: Assets/Scripts/UI/RealmsOfEldor.UI.asmdef
  artifactKey: Guid(f30db5cde83203441bd7ecf3aef4be18) Importer(2089858483,192608db42251d675da83286b1cce702)
Start importing Assets/Scripts/UI/RealmsOfEldor.UI.asmdef using Guid(f30db5cde83203441bd7ecf3aef4be18) Importer(2089858483,192608db42251d675da83286b1cce702) (ScriptedImporter) -> (artifact id: 'f4180870eb7fd9db4fe629ec4ac907a8') in 0.011939 seconds
Number of updated asset objects reloaded before import = 0Number of asset objects unloaded after import = 1

========================================================================
Received Prepare
'Packages/com.unity.cinemachine/Editor/Obsolete/CinemachineVirtualCameraBaseEditor.cs' contains partial class of Unity.Object, exactly 1 of the partial classes needs to be in a file with the same filename. This is to know the one that can be referenced from ie. GameObjects
'Packages/com.unity.cinemachine/Editor/Editors/CinemachineVirtualCameraBaseEditor.cs' contains partial class of Unity.Object, exactly 1 of the partial classes needs to be in a file with the same filename. This is to know the one that can be referenced from ie. GameObjects
Refreshing native plugins compatible for Editor in 1.91 ms, found 4 plugins.
Preloading 0 native plugins for Editor in 0.00 ms.
Unloading 37 Unused Serialized files (Serialized files now loaded: 0)
Unloading 7499 unused Assets / (7.7 MB). Loaded Objects now: 8185.
Memory consumption went from 149.6 MB to 142.0 MB.
Total: 12.713800 ms (FindLiveObjects: 0.841800 ms CreateObjectMapping: 1.554500 ms MarkObjects: 6.523000 ms  DeleteObjects: 3.793300 ms)

Prepare: number of updated asset objects reloaded= 0
========================================================================
Received Import Request.
  Time since last request: 339.287977 seconds.
  path: Assets/Scripts/Controllers/AdventureMapInputController.cs
  artifactKey: Guid(afeb7084a276df5438e4e341c93bb323) Importer(2089858483,192608db42251d675da83286b1cce702)
Start importing Assets/Scripts/Controllers/AdventureMapInputController.cs using Guid(afeb7084a276df5438e4e341c93bb323) Importer(2089858483,192608db42251d675da83286b1cce702) (ScriptedImporter) -> (artifact id: '3be15829f3de119f147f306a8bc364da') in 0.0138358 seconds
Number of updated asset objects reloaded before import = 0Number of asset objects unloaded after import = 0

========================================================================
Received Prepare
'Packages/com.unity.cinemachine/Editor/Obsolete/CinemachineVirtualCameraBaseEditor.cs' contains partial class of Unity.Object, exactly 1 of the partial classes needs to be in a file with the same filename. This is to know the one that can be referenced from ie. GameObjects
'Packages/com.unity.cinemachine/Editor/Editors/CinemachineVirtualCameraBaseEditor.cs' contains partial class of Unity.Object, exactly 1 of the partial classes needs to be in a file with the same filename. This is to know the one that can be referenced from ie. GameObjects
Refreshing native plugins compatible for Editor in 1.93 ms, found 4 plugins.
Preloading 0 native plugins for Editor in 0.00 ms.
Unloading 37 Unused Serialized files (Serialized files now loaded: 0)
Unloading 7499 unused Assets / (7.4 MB). Loaded Objects now: 8185.
Memory consumption went from 149.6 MB to 142.1 MB.
Total: 14.746900 ms (FindLiveObjects: 0.882900 ms CreateObjectMapping: 1.756400 ms MarkObjects: 7.314900 ms  DeleteObjects: 4.791100 ms)

Prepare: number of updated asset objects reloaded= 0
========================================================================
Received Import Request.
  Time since last request: 203.706845 seconds.
  path: Assets/Scripts/Controllers/AdventureMapInputController.cs
  artifactKey: Guid(afeb7084a276df5438e4e341c93bb323) Importer(2089858483,192608db42251d675da83286b1cce702)
Start importing Assets/Scripts/Controllers/AdventureMapInputController.cs using Guid(afeb7084a276df5438e4e341c93bb323) Importer(2089858483,192608db42251d675da83286b1cce702) (ScriptedImporter) -> (artifact id: 'c8206b9e7209f6ee9204eaa99d2a3015') in 0.0162139 seconds
Number of updated asset objects reloaded before import = 0Number of asset objects unloaded after import = 0

========================================================================
Received Prepare
'Packages/com.unity.cinemachine/Editor/Obsolete/CinemachineVirtualCameraBaseEditor.cs' contains partial class of Unity.Object, exactly 1 of the partial classes needs to be in a file with the same filename. This is to know the one that can be referenced from ie. GameObjects
'Packages/com.unity.cinemachine/Editor/Editors/CinemachineVirtualCameraBaseEditor.cs' contains partial class of Unity.Object, exactly 1 of the partial classes needs to be in a file with the same filename. This is to know the one that can be referenced from ie. GameObjects
Refreshing native plugins compatible for Editor in 2.54 ms, found 4 plugins.
Preloading 0 native plugins for Editor in 0.00 ms.
Unloading 37 Unused Serialized files (Serialized files now loaded: 0)
Unloading 7499 unused Assets / (7.5 MB). Loaded Objects now: 8185.
Memory consumption went from 149.6 MB to 142.1 MB.
Total: 16.067300 ms (FindLiveObjects: 0.933100 ms CreateObjectMapping: 2.097200 ms MarkObjects: 7.337000 ms  DeleteObjects: 5.698800 ms)

Prepare: number of updated asset objects reloaded= 0
========================================================================
Received Import Request.
  Time since last request: 49.404144 seconds.
  path: Assets/Scripts/Controllers/HeroController.cs
  artifactKey: Guid(8eee56f3e48a9094696b672655867b25) Importer(2089858483,192608db42251d675da83286b1cce702)
Start importing Assets/Scripts/Controllers/HeroController.cs using Guid(8eee56f3e48a9094696b672655867b25) Importer(2089858483,192608db42251d675da83286b1cce702) (ScriptedImporter) -> (artifact id: '9a8cfd0a62f759fa4313b5734ba6501f') in 0.0169279 seconds
Number of updated asset objects reloaded before import = 0Number of asset objects unloaded after import = 0

========================================================================
Received Prepare
'Packages/com.unity.cinemachine/Editor/Obsolete/CinemachineVirtualCameraBaseEditor.cs' contains partial class of Unity.Object, exactly 1 of the partial classes needs to be in a file with the same filename. This is to know the one that can be referenced from ie. GameObjects
'Packages/com.unity.cinemachine/Editor/Editors/CinemachineVirtualCameraBaseEditor.cs' contains partial class of Unity.Object, exactly 1 of the partial classes needs to be in a file with the same filename. This is to know the one that can be referenced from ie. GameObjects
Refreshing native plugins compatible for Editor in 1.92 ms, found 4 plugins.
Preloading 0 native plugins for Editor in 0.00 ms.
Unloading 37 Unused Serialized files (Serialized files now loaded: 0)
Unloading 7499 unused Assets / (7.6 MB). Loaded Objects now: 8185.
Memory consumption went from 149.6 MB to 142.0 MB.
Total: 11.385300 ms (FindLiveObjects: 0.971700 ms CreateObjectMapping: 1.432000 ms MarkObjects: 4.783800 ms  DeleteObjects: 4.196800 ms)

Prepare: number of updated asset objects reloaded= 0
========================================================================
Received Import Request.
  Time since last request: 98.240997 seconds.
  path: Assets/Scripts/UI/TurnControlUI.cs
  artifactKey: Guid(4e02b29d7b128184ea415e9cc226010f) Importer(2089858483,192608db42251d675da83286b1cce702)
Start importing Assets/Scripts/UI/TurnControlUI.cs using Guid(4e02b29d7b128184ea415e9cc226010f) Importer(2089858483,192608db42251d675da83286b1cce702) (ScriptedImporter) -> (artifact id: 'f6e46377cf15854622ea442f3327489e') in 0.013263 seconds
Number of updated asset objects reloaded before import = 0Number of asset objects unloaded after import = 0

========================================================================
Received Prepare
'Packages/com.unity.cinemachine/Editor/Obsolete/CinemachineVirtualCameraBaseEditor.cs' contains partial class of Unity.Object, exactly 1 of the partial classes needs to be in a file with the same filename. This is to know the one that can be referenced from ie. GameObjects
'Packages/com.unity.cinemachine/Editor/Editors/CinemachineVirtualCameraBaseEditor.cs' contains partial class of Unity.Object, exactly 1 of the partial classes needs to be in a file with the same filename. This is to know the one that can be referenced from ie. GameObjects
Refreshing native plugins compatible for Editor in 1.89 ms, found 4 plugins.
Preloading 0 native plugins for Editor in 0.00 ms.
Unloading 37 Unused Serialized files (Serialized files now loaded: 0)
Unloading 7499 unused Assets / (8.1 MB). Loaded Objects now: 8185.
Memory consumption went from 149.6 MB to 141.6 MB.
Total: 13.652500 ms (FindLiveObjects: 0.854200 ms CreateObjectMapping: 1.466300 ms MarkObjects: 6.407300 ms  DeleteObjects: 4.923700 ms)

Prepare: number of updated asset objects reloaded= 0
========================================================================
Received Import Request.
  Time since last request: 2806.852031 seconds.
  path: Assets/Scripts/UI/ResourceBarUI.cs
  artifactKey: Guid(8be2396df45dba94dbebad35e6727d0d) Importer(2089858483,192608db42251d675da83286b1cce702)
Start importing Assets/Scripts/UI/ResourceBarUI.cs using Guid(8be2396df45dba94dbebad35e6727d0d) Importer(2089858483,192608db42251d675da83286b1cce702) (ScriptedImporter) -> (artifact id: 'a262d3ed8a74313692dabee6e2151625') in 0.0148912 seconds
Number of updated asset objects reloaded before import = 0Number of asset objects unloaded after import = 0

========================================================================
Received Prepare
'Packages/com.unity.cinemachine/Editor/Obsolete/CinemachineVirtualCameraBaseEditor.cs' contains partial class of Unity.Object, exactly 1 of the partial classes needs to be in a file with the same filename. This is to know the one that can be referenced from ie. GameObjects
'Packages/com.unity.cinemachine/Editor/Editors/CinemachineVirtualCameraBaseEditor.cs' contains partial class of Unity.Object, exactly 1 of the partial classes needs to be in a file with the same filename. This is to know the one that can be referenced from ie. GameObjects
Refreshing native plugins compatible for Editor in 3.06 ms, found 4 plugins.
Preloading 0 native plugins for Editor in 0.00 ms.
Unloading 37 Unused Serialized files (Serialized files now loaded: 0)
Unloading 7499 unused Assets / (7.9 MB). Loaded Objects now: 8185.
Memory consumption went from 149.6 MB to 141.7 MB.
Total: 13.944400 ms (FindLiveObjects: 1.117500 ms CreateObjectMapping: 1.774200 ms MarkObjects: 6.541500 ms  DeleteObjects: 4.510300 ms)

Prepare: number of updated asset objects reloaded= 0
========================================================================
Received Import Request.
  Time since last request: 50.103586 seconds.
  path: Assets/Scripts/UI/ResourceBarUI.cs
  artifactKey: Guid(8be2396df45dba94dbebad35e6727d0d) Importer(2089858483,192608db42251d675da83286b1cce702)
Start importing Assets/Scripts/UI/ResourceBarUI.cs using Guid(8be2396df45dba94dbebad35e6727d0d) Importer(2089858483,192608db42251d675da83286b1cce702) (ScriptedImporter) -> (artifact id: '4824cc8f288248ae5aa82098db60af7c') in 0.0137635 seconds
Number of updated asset objects reloaded before import = 0Number of asset objects unloaded after import = 0

