[Licensing::Module] Trying to connect to existing licensing client channel...
Built from '6000.2/respin/6000.2.6f2-cc51a95c03' branch; Version is '6000.2.6f2 (4a4dcaec6541) revision 4869578'; Using compiler version '194234433'; Build Type 'Release'
[Licensing::IpcConnector] Successfully connected to: "LicenseClient-Mikkel Syse Grøsland" at "2025-10-09T10:08:37.7781288Z"
OS: 'Windows 11  (10.0.26100) 64bit Professional' Language: 'en' Physical Memory: 32680 MB
BatchMode: 1, IsHumanControllingUs: 0, StartBugReporterOnCrash: 0, Is64bit: 1
Date: 2025-10-09T10:08:37Z

COMMAND LINE ARGUMENTS:
C:\Program Files\Unity\Hub\Editor\6000.2.6f2\Editor\Unity.exe
-adb2
-batchMode
-noUpm
-name
AssetImportWorker1
-projectPath
C:/Users/Mikkel Syse Grøsland/Documents/Projects/realmsofeldor
-logFile
Logs/AssetImportWorker1.log
-srvPort
62559
-licensingIpc
LicenseClient-Mikkel Syse Grøsland
-job-worker-count
5
-background-job-worker-count
8
-gc-helper-count
1
-name
AssetImport
Successfully changed project path to: C:/Users/Mikkel Syse Grøsland/Documents/Projects/realmsofeldor
C:/Users/Mikkel Syse Grøsland/Documents/Projects/realmsofeldor
[UnityMemory] Configuration Parameters - Can be set up in boot.config
    "memorysetup-allocator-temp-initial-block-size-main=262144"
    "memorysetup-allocator-temp-initial-block-size-worker=262144"
    "memorysetup-bucket-allocator-granularity=16"
    "memorysetup-bucket-allocator-bucket-count=8"
    "memorysetup-bucket-allocator-block-size=33554432"
    "memorysetup-bucket-allocator-block-count=8"
    "memorysetup-main-allocator-block-size=16777216"
    "memorysetup-thread-allocator-block-size=16777216"
    "memorysetup-gfx-main-allocator-block-size=16777216"
    "memorysetup-gfx-thread-allocator-block-size=16777216"
    "memorysetup-cache-allocator-block-size=4194304"
    "memorysetup-typetree-allocator-block-size=2097152"
    "memorysetup-profiler-bucket-allocator-granularity=16"
    "memorysetup-profiler-bucket-allocator-bucket-count=8"
    "memorysetup-profiler-bucket-allocator-block-size=33554432"
    "memorysetup-profiler-bucket-allocator-block-count=8"
    "memorysetup-profiler-allocator-block-size=16777216"
    "memorysetup-profiler-editor-allocator-block-size=1048576"
    "memorysetup-temp-allocator-size-main=16777216"
    "memorysetup-job-temp-allocator-block-size=2097152"
    "memorysetup-job-temp-allocator-block-size-background=1048576"
    "memorysetup-job-temp-allocator-reduction-small-platforms=262144"
    "memorysetup-temp-allocator-size-background-worker=32768"
    "memorysetup-temp-allocator-size-job-worker=262144"
    "memorysetup-temp-allocator-size-preload-manager=33554432"
    "memorysetup-temp-allocator-size-nav-mesh-worker=65536"
    "memorysetup-temp-allocator-size-audio-worker=65536"
    "memorysetup-temp-allocator-size-cloud-worker=32768"
    "memorysetup-temp-allocator-size-gi-baking-worker=262144"
    "memorysetup-temp-allocator-size-gi-baking-worker=262144"
    "memorysetup-temp-allocator-size-gi-baking-worker=262144"
    "memorysetup-temp-allocator-size-gi-baking-worker=262144"
    "memorysetup-temp-allocator-size-gi-baking-worker=262144"
    "memorysetup-temp-allocator-size-gfx=262144"
Player connection [20228]  Target information:

Player connection [20228]  * "[IP] 10.0.0.9 [Port] 0 [Flags] 2 [Guid] 1777837509 [EditorId] 1777837509 [Version] 1048832 [Id] WindowsEditor(7,Fractal-PC) [Debug] 1 [PackageName] WindowsEditor [ProjectName] Editor" 

Player connection [20228]  * "[IP] 172.27.240.1 [Port] 0 [Flags] 2 [Guid] 1777837509 [EditorId] 1777837509 [Version] 1048832 [Id] WindowsEditor(7,Fractal-PC) [Debug] 1 [PackageName] WindowsEditor [ProjectName] Editor" 

Player connection [20228]  * "[IP] 172.22.224.1 [Port] 0 [Flags] 2 [Guid] 1777837509 [EditorId] 1777837509 [Version] 1048832 [Id] WindowsEditor(7,Fractal-PC) [Debug] 1 [PackageName] WindowsEditor [ProjectName] Editor" 

Player connection [20228] Host joined multi-casting on [225.0.0.222:54997]...
Player connection [20228] Host joined alternative multi-casting on [225.0.0.222:34997]...
JobSystem: Creating JobQueue using job-worker-count value 5
Input System module state changed to: Initialized.
[Physics::Module] Initialized fallback backend.
[Physics::Module] Id: 0xdecafbad
[Licensing::Client] Code 10 while verifying Licensing Client signature (process Id: 36948, path: "C:/Program Files/Unity Hub/UnityLicensingClient_V1/Unity.Licensing.Client.exe")
[Licensing::Module] LicensingClient has failed validation; ignoring
[Licensing::Client] Handshaking with LicensingClient:
  Version:                 1.17.3+a4e98f1
  Session Id:              f5f9c38444a74975a850808f62d19f1e
  Correlation Id:          58e87d18d33c162765944f24ca328ded
  External correlation Id: 3602906965073866718
  Machine Id:              fRj4ZRPgaD2KDM7124VReX3c9nQ=
[Licensing::Module] Successfully connected to LicensingClient on channel: "LicenseClient-Mikkel Syse Grøsland" (connect: 0.00s, validation: 0.00s, handshake: 0.07s)
[Licensing::IpcConnector] Successfully connected to: "LicenseClient-Mikkel Syse Grøsland-notifications" at "2025-10-09T10:08:37.8483273Z"
[Licensing::Module] Licensing Background thread has ended after 0.07s
Library Redirect Path: Library/
[Physics::Module] Selected backend.
[Physics::Module] Name: PhysX
[Physics::Module] Id: 0xf2b8ea05
[Physics::Module] SDK Version: 4.1.2
[Physics::Module] Integration Version: 1.0.0
[Physics::Module] Threading Mode: Multi-Threaded
Refreshing native plugins compatible for Editor in 175.05 ms, found 4 plugins.
Preloading 0 native plugins for Editor in 0.00 ms.
Initialize engine version: 6000.2.6f2 (4a4dcaec6541)
[Subsystems] Discovering subsystems at path C:/Program Files/Unity/Hub/Editor/6000.2.6f2/Editor/Data/Resources/UnitySubsystems
[Subsystems] Discovering subsystems at path C:/Users/Mikkel Syse Grøsland/Documents/Projects/realmsofeldor/Assets
GfxDevice: creating device client; kGfxThreadingModeNonThreaded
d3d12: failed to query info queue interface (0x80004002).
Direct3D:
    Version:         Direct3D 12 [level 12.1]
    Renderer:        NVIDIA GeForce GTX 1660 (ID=0x2184)
    Vendor:          NVIDIA
    VRAM:            5966 MB
    App VRAM Budget: 5198 MB
    Driver:          32.0.15.6094
Initialize mono
Mono path[0] = 'C:/Program Files/Unity/Hub/Editor/6000.2.6f2/Editor/Data/Managed'
Mono path[1] = 'C:/Program Files/Unity/Hub/Editor/6000.2.6f2/Editor/Data/MonoBleedingEdge/lib/mono/unityjit-win32'
Mono config path = 'C:/Program Files/Unity/Hub/Editor/6000.2.6f2/Editor/Data/MonoBleedingEdge/etc'
Using monoOptions --debugger-agent=transport=dt_socket,embedding=1,server=y,suspend=n,address=127.0.0.1:56716
Begin MonoManager ReloadAssembly
Registering precompiled unity dll's ...
Register platform support module: C:/Program Files/Unity/Hub/Editor/6000.2.6f2/Editor/Data/PlaybackEngines/WebGLSupport/UnityEditor.WebGL.Extensions.dll
Register platform support module: C:/Program Files/Unity/Hub/Editor/6000.2.6f2/Editor/Data/PlaybackEngines/WindowsStandaloneSupport/UnityEditor.WindowsStandalone.Extensions.dll
Registered in 0.002785 seconds.
- Loaded All Assemblies, in  2.246 seconds
Native extension for WindowsStandalone target not found
Native extension for WebGL target not found
Mono: successfully reloaded assembly
- Finished resetting the current domain, in  0.440 seconds
Domain Reload Profiling: 2683ms
	BeginReloadAssembly (410ms)
		ExecutionOrderSort (0ms)
		DisableScriptedObjects (0ms)
		BackupInstance (0ms)
		ReleaseScriptingObjects (0ms)
		CreateAndSetChildDomain (1ms)
	RebuildCommonClasses (346ms)
	RebuildNativeTypeToScriptingClass (15ms)
	initialDomainReloadingComplete (56ms)
	LoadAllAssembliesAndSetupDomain (1415ms)
		LoadAssemblies (407ms)
		RebuildTransferFunctionScriptingTraits (0ms)
		AnalyzeDomain (1411ms)
			TypeCache.Refresh (1410ms)
				TypeCache.ScanAssembly (1085ms)
			BuildScriptInfoCaches (0ms)
			ResolveRequiredComponents (0ms)
	FinalizeReload (440ms)
		ReleaseScriptCaches (0ms)
		RebuildScriptCaches (0ms)
		SetupLoadedEditorAssemblies (382ms)
			LogAssemblyErrors (0ms)
			InitializePlatformSupportModulesInManaged (76ms)
			SetLoadedEditorAssemblies (4ms)
			BeforeProcessingInitializeOnLoad (75ms)
			ProcessInitializeOnLoadAttributes (147ms)
			ProcessInitializeOnLoadMethodAttributes (80ms)
			AfterProcessingInitializeOnLoad (0ms)
			EditorAssembliesLoaded (0ms)
		ExecutionOrderSort2 (0ms)
		AwakeInstancesAfterBackupRestoration (0ms)
Assembly reference Packages/com.unity.cinemachine/Editor/Samples/ExposeHDRPInternals/HDRP-Editor-ref.asmref has no target assembly definition
========================================================================
Worker process is ready to serve import requests
Import Worker Mode flag is 0x00
Assembly reference Packages/com.unity.cinemachine/Editor/Samples/ExposeHDRPInternals/HDRP-Editor-ref.asmref has no target assembly definition
Assembly reference Packages/com.unity.cinemachine/Editor/Samples/ExposeHDRPInternals/HDRP-Editor-ref.asmref has no target assembly definition
Begin MonoManager ReloadAssembly
[Licensing::Client] Successfully resolved entitlement details
[Licensing::Module] License group:
  Id: 1244375-UnityPersXXXX
  Product: Unity Personal
  Type: Assigned
  Expiration: Unlimited
Symbol file LoadedFromMemory is not a mono symbol file
- Loaded All Assemblies, in  4.339 seconds
Assembly reference Packages/com.unity.cinemachine/Editor/Samples/ExposeHDRPInternals/HDRP-Editor-ref.asmref has no target assembly definition
'Packages/com.unity.cinemachine/Editor/Obsolete/CinemachineVirtualCameraBaseEditor.cs' contains partial class of Unity.Object, exactly 1 of the partial classes needs to be in a file with the same filename. This is to know the one that can be referenced from ie. GameObjects
'Packages/com.unity.cinemachine/Editor/Editors/CinemachineVirtualCameraBaseEditor.cs' contains partial class of Unity.Object, exactly 1 of the partial classes needs to be in a file with the same filename. This is to know the one that can be referenced from ie. GameObjects
Refreshing native plugins compatible for Editor in 1.94 ms, found 4 plugins.
Native extension for WindowsStandalone target not found
Native extension for WebGL target not found
Assembly reference Packages/com.unity.cinemachine/Editor/Samples/ExposeHDRPInternals/HDRP-Editor-ref.asmref has no target assembly definition
Package Manager log level set to [2]
[Package Manager] Failed to launch server process. Reason: Unity was launched with the -noUpm command-line argument
[Package Manager] Unable to send message (not connected to server process).
[Package Manager] Cannot connect to Unity Package Manager local server
[Package Manager] Failed to launch server process. Reason: Unity was launched with the -noUpm command-line argument
[Package Manager] Unable to send message (not connected to server process).
[Package Manager] Cannot connect to Unity Package Manager local server
Mono: successfully reloaded assembly
- Finished resetting the current domain, in  1.771 seconds
Domain Reload Profiling: 6103ms
	BeginReloadAssembly (223ms)
		ExecutionOrderSort (0ms)
		DisableScriptedObjects (7ms)
		BackupInstance (0ms)
		ReleaseScriptingObjects (0ms)
		CreateAndSetChildDomain (34ms)
	RebuildCommonClasses (44ms)
	RebuildNativeTypeToScriptingClass (15ms)
	initialDomainReloadingComplete (49ms)
	LoadAllAssembliesAndSetupDomain (4000ms)
		LoadAssemblies (3634ms)
		RebuildTransferFunctionScriptingTraits (0ms)
		AnalyzeDomain (489ms)
			TypeCache.Refresh (379ms)
				TypeCache.ScanAssembly (356ms)
			BuildScriptInfoCaches (86ms)
			ResolveRequiredComponents (18ms)
	FinalizeReload (1772ms)
		ReleaseScriptCaches (0ms)
		RebuildScriptCaches (0ms)
		SetupLoadedEditorAssemblies (1211ms)
			LogAssemblyErrors (0ms)
			InitializePlatformSupportModulesInManaged (3ms)
			SetLoadedEditorAssemblies (7ms)
			BeforeProcessingInitializeOnLoad (184ms)
			ProcessInitializeOnLoadAttributes (501ms)
			ProcessInitializeOnLoadMethodAttributes (508ms)
			AfterProcessingInitializeOnLoad (7ms)
			EditorAssembliesLoaded (0ms)
		ExecutionOrderSort2 (0ms)
		AwakeInstancesAfterBackupRestoration (7ms)
Launched and connected shader compiler UnityShaderCompiler.exe after 0.04 seconds
Refreshing native plugins compatible for Editor in 2.52 ms, found 4 plugins.
Preloading 0 native plugins for Editor in 0.00 ms.
Unloading 14 Unused Serialized files (Serialized files now loaded: 0)
Unloading 7517 unused Assets / (4.8 MB). Loaded Objects now: 8249.
Memory consumption went from 146.9 MB to 142.1 MB.
Total: 11.376000 ms (FindLiveObjects: 0.887900 ms CreateObjectMapping: 1.418800 ms MarkObjects: 5.432800 ms  DeleteObjects: 3.635600 ms)

========================================================================
Received Prepare
Assembly reference Packages/com.unity.cinemachine/Editor/Samples/ExposeHDRPInternals/HDRP-Editor-ref.asmref has no target assembly definition
Assembly reference Packages/com.unity.cinemachine/Editor/Samples/ExposeHDRPInternals/HDRP-Editor-ref.asmref has no target assembly definition
Begin MonoManager ReloadAssembly
[Licensing::Client] Successfully resolved entitlement details
Symbol file LoadedFromMemory is not a mono symbol file
- Loaded All Assemblies, in  1.063 seconds
Assembly reference Packages/com.unity.cinemachine/Editor/Samples/ExposeHDRPInternals/HDRP-Editor-ref.asmref has no target assembly definition
'Packages/com.unity.cinemachine/Editor/Obsolete/CinemachineVirtualCameraBaseEditor.cs' contains partial class of Unity.Object, exactly 1 of the partial classes needs to be in a file with the same filename. This is to know the one that can be referenced from ie. GameObjects
'Packages/com.unity.cinemachine/Editor/Editors/CinemachineVirtualCameraBaseEditor.cs' contains partial class of Unity.Object, exactly 1 of the partial classes needs to be in a file with the same filename. This is to know the one that can be referenced from ie. GameObjects
Refreshing native plugins compatible for Editor in 2.69 ms, found 4 plugins.
Native extension for WindowsStandalone target not found
Native extension for WebGL target not found
Assembly reference Packages/com.unity.cinemachine/Editor/Samples/ExposeHDRPInternals/HDRP-Editor-ref.asmref has no target assembly definition
[Package Manager] Failed to launch server process. Reason: Unity was launched with the -noUpm command-line argument
[Package Manager] Unable to send message (not connected to server process).
[Package Manager] Cannot connect to Unity Package Manager local server
[Package Manager] Failed to launch server process. Reason: Unity was launched with the -noUpm command-line argument
[Package Manager] Unable to send message (not connected to server process).
[Package Manager] Cannot connect to Unity Package Manager local server
Mono: successfully reloaded assembly
- Finished resetting the current domain, in  0.928 seconds
Domain Reload Profiling: 1989ms
	BeginReloadAssembly (271ms)
		ExecutionOrderSort (0ms)
		DisableScriptedObjects (17ms)
		BackupInstance (0ms)
		ReleaseScriptingObjects (0ms)
		CreateAndSetChildDomain (66ms)
	RebuildCommonClasses (42ms)
	RebuildNativeTypeToScriptingClass (15ms)
	initialDomainReloadingComplete (40ms)
	LoadAllAssembliesAndSetupDomain (693ms)
		LoadAssemblies (498ms)
		RebuildTransferFunctionScriptingTraits (0ms)
		AnalyzeDomain (311ms)
			TypeCache.Refresh (9ms)
				TypeCache.ScanAssembly (0ms)
			BuildScriptInfoCaches (273ms)
			ResolveRequiredComponents (22ms)
	FinalizeReload (928ms)
		ReleaseScriptCaches (0ms)
		RebuildScriptCaches (0ms)
		SetupLoadedEditorAssemblies (735ms)
			LogAssemblyErrors (0ms)
			InitializePlatformSupportModulesInManaged (3ms)
			SetLoadedEditorAssemblies (4ms)
			BeforeProcessingInitializeOnLoad (178ms)
			ProcessInitializeOnLoadAttributes (454ms)
			ProcessInitializeOnLoadMethodAttributes (88ms)
			AfterProcessingInitializeOnLoad (8ms)
			EditorAssembliesLoaded (0ms)
		ExecutionOrderSort2 (0ms)
		AwakeInstancesAfterBackupRestoration (19ms)
Refreshing native plugins compatible for Editor in 2.28 ms, found 4 plugins.
Preloading 0 native plugins for Editor in 0.00 ms.
Unloading 14 Unused Serialized files (Serialized files now loaded: 0)
Unloading 7515 unused Assets / (4.6 MB). Loaded Objects now: 8252.
Memory consumption went from 150.0 MB to 145.4 MB.
Total: 11.398500 ms (FindLiveObjects: 0.886600 ms CreateObjectMapping: 1.711600 ms MarkObjects: 5.687400 ms  DeleteObjects: 3.111200 ms)

Prepare: number of updated asset objects reloaded= 0
========================================================================
Received Prepare
Assembly reference Packages/com.unity.cinemachine/Editor/Samples/ExposeHDRPInternals/HDRP-Editor-ref.asmref has no target assembly definition
Assembly reference Packages/com.unity.cinemachine/Editor/Samples/ExposeHDRPInternals/HDRP-Editor-ref.asmref has no target assembly definition
Begin MonoManager ReloadAssembly
[Licensing::Client] Successfully resolved entitlement details
Symbol file LoadedFromMemory is not a mono symbol file
- Loaded All Assemblies, in  1.007 seconds
Assembly reference Packages/com.unity.cinemachine/Editor/Samples/ExposeHDRPInternals/HDRP-Editor-ref.asmref has no target assembly definition
'Packages/com.unity.cinemachine/Editor/Obsolete/CinemachineVirtualCameraBaseEditor.cs' contains partial class of Unity.Object, exactly 1 of the partial classes needs to be in a file with the same filename. This is to know the one that can be referenced from ie. GameObjects
'Packages/com.unity.cinemachine/Editor/Editors/CinemachineVirtualCameraBaseEditor.cs' contains partial class of Unity.Object, exactly 1 of the partial classes needs to be in a file with the same filename. This is to know the one that can be referenced from ie. GameObjects
Refreshing native plugins compatible for Editor in 1.91 ms, found 4 plugins.
Native extension for WindowsStandalone target not found
Native extension for WebGL target not found
Assembly reference Packages/com.unity.cinemachine/Editor/Samples/ExposeHDRPInternals/HDRP-Editor-ref.asmref has no target assembly definition
[Package Manager] Failed to launch server process. Reason: Unity was launched with the -noUpm command-line argument
[Package Manager] Unable to send message (not connected to server process).
[Package Manager] Cannot connect to Unity Package Manager local server
[Package Manager] Failed to launch server process. Reason: Unity was launched with the -noUpm command-line argument
[Package Manager] Unable to send message (not connected to server process).
[Package Manager] Cannot connect to Unity Package Manager local server
Mono: successfully reloaded assembly
- Finished resetting the current domain, in  0.938 seconds
Domain Reload Profiling: 1944ms
	BeginReloadAssembly (250ms)
		ExecutionOrderSort (0ms)
		DisableScriptedObjects (19ms)
		BackupInstance (0ms)
		ReleaseScriptingObjects (0ms)
		CreateAndSetChildDomain (61ms)
	RebuildCommonClasses (45ms)
	RebuildNativeTypeToScriptingClass (15ms)
	initialDomainReloadingComplete (37ms)
	LoadAllAssembliesAndSetupDomain (659ms)
		LoadAssemblies (472ms)
		RebuildTransferFunctionScriptingTraits (0ms)
		AnalyzeDomain (288ms)
			TypeCache.Refresh (9ms)
				TypeCache.ScanAssembly (0ms)
			BuildScriptInfoCaches (255ms)
			ResolveRequiredComponents (17ms)
	FinalizeReload (938ms)
		ReleaseScriptCaches (0ms)
		RebuildScriptCaches (0ms)
		SetupLoadedEditorAssemblies (749ms)
			LogAssemblyErrors (0ms)
			InitializePlatformSupportModulesInManaged (2ms)
			SetLoadedEditorAssemblies (7ms)
			BeforeProcessingInitializeOnLoad (180ms)
			ProcessInitializeOnLoadAttributes (468ms)
			ProcessInitializeOnLoadMethodAttributes (83ms)
			AfterProcessingInitializeOnLoad (8ms)
			EditorAssembliesLoaded (1ms)
		ExecutionOrderSort2 (0ms)
		AwakeInstancesAfterBackupRestoration (18ms)
Refreshing native plugins compatible for Editor in 1.99 ms, found 4 plugins.
Preloading 0 native plugins for Editor in 0.00 ms.
Unloading 14 Unused Serialized files (Serialized files now loaded: 0)
Unloading 7515 unused Assets / (4.8 MB). Loaded Objects now: 8254.
Memory consumption went from 152.2 MB to 147.4 MB.
Total: 11.505300 ms (FindLiveObjects: 0.916000 ms CreateObjectMapping: 1.842200 ms MarkObjects: 5.425200 ms  DeleteObjects: 3.320300 ms)

Prepare: number of updated asset objects reloaded= 0
========================================================================
Received Import Request.
  Time since last request: 2526802.572441 seconds.
  path: Assets/Data/Terrain/WaterTerrainData.asset
  artifactKey: Guid(6e571baa06e77ce4092e3daf4b161eb7) Importer(2089858483,192608db42251d675da83286b1cce702)
Start importing Assets/Data/Terrain/WaterTerrainData.asset using Guid(6e571baa06e77ce4092e3daf4b161eb7) Importer(2089858483,192608db42251d675da83286b1cce702) (ScriptedImporter) -> (artifact id: 'b507d6253659a81751d8592150844f95') in 0.3270029 seconds
Number of updated asset objects reloaded before import = 0Number of asset objects unloaded after import = 18

========================================================================
Received Import Request.
  Time since last request: 0.000032 seconds.
  path: Assets/AstarPathfindingProject/Generators/Utilities
  artifactKey: Guid(e9fd53d051f6d4130872d5c2244b2fc6) Importer(2089858483,192608db42251d675da83286b1cce702)
Start importing Assets/AstarPathfindingProject/Generators/Utilities using Guid(e9fd53d051f6d4130872d5c2244b2fc6) Importer(2089858483,192608db42251d675da83286b1cce702) (ScriptedImporter) -> (artifact id: '98138c541ea06a0362aa57dae89f51ab') in 0.0118546 seconds
Number of updated asset objects reloaded before import = 0Number of asset objects unloaded after import = 1

========================================================================
Received Import Request.
  Time since last request: 0.000028 seconds.
  path: Assets/Scripts/UI/HeroPanelUI.cs
  artifactKey: Guid(ab90cbf020ad1bf4493fb03efc8923aa) Importer(2089858483,192608db42251d675da83286b1cce702)
Start importing Assets/Scripts/UI/HeroPanelUI.cs using Guid(ab90cbf020ad1bf4493fb03efc8923aa) Importer(2089858483,192608db42251d675da83286b1cce702) (ScriptedImporter) -> (artifact id: '53631fcecc683fd8d2c80f6bb5529114') in 0.0179882 seconds
Number of updated asset objects reloaded before import = 0Number of asset objects unloaded after import = 0

========================================================================
Received Import Request.
  Time since last request: 0.000014 seconds.
  path: Assets/Scripts/Data/GameConstants.cs
  artifactKey: Guid(4d59f63044a140ddaf26ad058ca524e0) Importer(2089858483,192608db42251d675da83286b1cce702)
Start importing Assets/Scripts/Data/GameConstants.cs using Guid(4d59f63044a140ddaf26ad058ca524e0) Importer(2089858483,192608db42251d675da83286b1cce702) (ScriptedImporter) -> (artifact id: 'aa6540c8965b5423c6f43cbdc7608273') in 0.0155354 seconds
Number of updated asset objects reloaded before import = 0Number of asset objects unloaded after import = 0

========================================================================
Received Import Request.
  Time since last request: 0.000019 seconds.
  path: Assets/AstarPathfindingProject/ExampleScenes/Prefabs/MineBot
  artifactKey: Guid(81ac8ce546c3f4899a3d3bd031227b19) Importer(2089858483,192608db42251d675da83286b1cce702)
Start importing Assets/AstarPathfindingProject/ExampleScenes/Prefabs/MineBot using Guid(81ac8ce546c3f4899a3d3bd031227b19) Importer(2089858483,192608db42251d675da83286b1cce702) (ScriptedImporter) -> (artifact id: '6a15ee309bcae98321cecf97026a1cdb') in 0.0154119 seconds
Number of updated asset objects reloaded before import = 0Number of asset objects unloaded after import = 1

========================================================================
Received Import Request.
  Time since last request: 0.000015 seconds.
  path: Assets/Scripts/Core/Events/GameEventChannel.cs
  artifactKey: Guid(dccb439159fb6684abf9338d3180a0d8) Importer(2089858483,192608db42251d675da83286b1cce702)
Start importing Assets/Scripts/Core/Events/GameEventChannel.cs using Guid(dccb439159fb6684abf9338d3180a0d8) Importer(2089858483,192608db42251d675da83286b1cce702) (ScriptedImporter) -> (artifact id: 'd858ae00cb4505c887e0bf88a18244fa') in 0.0180001 seconds
Number of updated asset objects reloaded before import = 0Number of asset objects unloaded after import = 0

========================================================================
Received Import Request.
  Time since last request: 0.000020 seconds.
  path: Assets/Prefabs
  artifactKey: Guid(66c3b720b9efb604cb7104003e4463d2) Importer(2089858483,192608db42251d675da83286b1cce702)
Start importing Assets/Prefabs using Guid(66c3b720b9efb604cb7104003e4463d2) Importer(2089858483,192608db42251d675da83286b1cce702) (ScriptedImporter) -> (artifact id: 'ec99c55963178ac5d7520e548bcd5b67') in 0.0123401 seconds
Number of updated asset objects reloaded before import = 0Number of asset objects unloaded after import = 1

========================================================================
Received Import Request.
  Time since last request: 0.000023 seconds.
  path: Assets/Prefabs/Heroes/Hero.prefab
  artifactKey: Guid(7f8e9a1b2c3d4e5f6a7b8c9d0e1f2a3b) Importer(2089858483,192608db42251d675da83286b1cce702)
Start importing Assets/Prefabs/Heroes/Hero.prefab using Guid(7f8e9a1b2c3d4e5f6a7b8c9d0e1f2a3b) Importer(2089858483,192608db42251d675da83286b1cce702) (ScriptedImporter) -> (artifact id: '6b668d8f57abf46cc97eda098cdf164a') in 0.0997573 seconds
Number of updated asset objects reloaded before import = 0Number of asset objects unloaded after import = 14

========================================================================
Received Import Request.
  Time since last request: 0.000015 seconds.
  path: Assets/Plugins
  artifactKey: Guid(69a75dcb6a96c3e4c95d65df8e80eff0) Importer(2089858483,192608db42251d675da83286b1cce702)
Start importing Assets/Plugins using Guid(69a75dcb6a96c3e4c95d65df8e80eff0) Importer(2089858483,192608db42251d675da83286b1cce702) (ScriptedImporter) -> (artifact id: 'f6fa1c5228de479b5f0c2f458204e9e5') in 0.0120996 seconds
Number of updated asset objects reloaded before import = 0Number of asset objects unloaded after import = 1

========================================================================
Received Import Request.
  Time since last request: 0.000015 seconds.
  path: Assets/AstarPathfindingProject/ExampleScenes/Example5_PointGraph
  artifactKey: Guid(4b0e3c9cb27f44df7aacf2e67fbe110f) Importer(2089858483,192608db42251d675da83286b1cce702)
Start importing Assets/AstarPathfindingProject/ExampleScenes/Example5_PointGraph using Guid(4b0e3c9cb27f44df7aacf2e67fbe110f) Importer(2089858483,192608db42251d675da83286b1cce702) (ScriptedImporter) -> (artifact id: '7a40bd6d70601b18d4a79a64089a762b') in 0.0121335 seconds
Number of updated asset objects reloaded before import = 0Number of asset objects unloaded after import = 1

========================================================================
Received Import Request.
  Time since last request: 0.000024 seconds.
  path: Assets/TextMesh Pro/Shaders
  artifactKey: Guid(e9f693669af91aa45ad615fc681ed29f) Importer(2089858483,192608db42251d675da83286b1cce702)
Start importing Assets/TextMesh Pro/Shaders using Guid(e9f693669af91aa45ad615fc681ed29f) Importer(2089858483,192608db42251d675da83286b1cce702) (ScriptedImporter) -> (artifact id: '3006752c89560abd9218d2537e897d24') in 0.0121824 seconds
Number of updated asset objects reloaded before import = 0Number of asset objects unloaded after import = 1

========================================================================
Received Import Request.
  Time since last request: 0.000013 seconds.
  path: Assets/AstarPathfindingProject/Editor/EditorAssets/images
  artifactKey: Guid(e013c4948c1d4420b8fbf7ac7be8a498) Importer(2089858483,192608db42251d675da83286b1cce702)
Start importing Assets/AstarPathfindingProject/Editor/EditorAssets/images using Guid(e013c4948c1d4420b8fbf7ac7be8a498) Importer(2089858483,192608db42251d675da83286b1cce702) (ScriptedImporter) -> (artifact id: '3194308c07e18977e86535bf5fb4262d') in 0.0112408 seconds
Number of updated asset objects reloaded before import = 0Number of asset objects unloaded after import = 1

========================================================================
Received Import Request.
  Time since last request: 0.000013 seconds.
  path: Assets/Sprites/Terrain
  artifactKey: Guid(d9703153b37294f47b6c24b317c56fa2) Importer(2089858483,192608db42251d675da83286b1cce702)
Start importing Assets/Sprites/Terrain using Guid(d9703153b37294f47b6c24b317c56fa2) Importer(2089858483,192608db42251d675da83286b1cce702) (ScriptedImporter) -> (artifact id: '6fa371cf0ce1dfecbdd2d4ee8e2e137a') in 0.0129297 seconds
Number of updated asset objects reloaded before import = 0Number of asset objects unloaded after import = 1

========================================================================
Received Import Request.
  Time since last request: 0.000019 seconds.
  path: Assets/Scripts/Data
  artifactKey: Guid(184fd8f436aff4a4b978d835ad17f58e) Importer(2089858483,192608db42251d675da83286b1cce702)
Start importing Assets/Scripts/Data using Guid(184fd8f436aff4a4b978d835ad17f58e) Importer(2089858483,192608db42251d675da83286b1cce702) (ScriptedImporter) -> (artifact id: '5b7f4f7e3c76551aa09fe2865adab1d1') in 0.0139099 seconds
Number of updated asset objects reloaded before import = 0Number of asset objects unloaded after import = 1

========================================================================
Received Import Request.
  Time since last request: 0.000020 seconds.
  path: Assets/AstarPathfindingProject/Core/Misc
  artifactKey: Guid(dfc976d61106d46b6a18ace94ffaea8d) Importer(2089858483,192608db42251d675da83286b1cce702)
Start importing Assets/AstarPathfindingProject/Core/Misc using Guid(dfc976d61106d46b6a18ace94ffaea8d) Importer(2089858483,192608db42251d675da83286b1cce702) (ScriptedImporter) -> (artifact id: '1b19f6df034b1ce69b94cfb73ba2cb6e') in 0.0120643 seconds
Number of updated asset objects reloaded before import = 0Number of asset objects unloaded after import = 1

========================================================================
Received Import Request.
  Time since last request: 0.000023 seconds.
  path: Assets/Scripts/Core/Battle/BattleUnit.cs
  artifactKey: Guid(0e35d998f5acf2e4baba07bbd4421470) Importer(2089858483,192608db42251d675da83286b1cce702)
Start importing Assets/Scripts/Core/Battle/BattleUnit.cs using Guid(0e35d998f5acf2e4baba07bbd4421470) Importer(2089858483,192608db42251d675da83286b1cce702) (ScriptedImporter) -> (artifact id: '545efb1180111452366efdf2a99856e4') in 0.0145468 seconds
Number of updated asset objects reloaded before import = 0Number of asset objects unloaded after import = 0

========================================================================
Received Import Request.
  Time since last request: 0.000015 seconds.
  path: Assets/TextMesh Pro/Resources
  artifactKey: Guid(243e06394e614e5d99fab26083b707fa) Importer(2089858483,192608db42251d675da83286b1cce702)
Start importing Assets/TextMesh Pro/Resources using Guid(243e06394e614e5d99fab26083b707fa) Importer(2089858483,192608db42251d675da83286b1cce702) (ScriptedImporter) -> (artifact id: '5e6c7495ac7bf98b707d84cf23fd569c') in 0.0115274 seconds
Number of updated asset objects reloaded before import = 0Number of asset objects unloaded after import = 1

========================================================================
Received Import Request.
  Time since last request: 0.000017 seconds.
  path: Assets/Scripts/Controllers/GameInitializer.cs
  artifactKey: Guid(f033f1a1a2046a74e9dbce0e890912df) Importer(2089858483,192608db42251d675da83286b1cce702)
Start importing Assets/Scripts/Controllers/GameInitializer.cs using Guid(f033f1a1a2046a74e9dbce0e890912df) Importer(2089858483,192608db42251d675da83286b1cce702) (ScriptedImporter) -> (artifact id: 'fac5128281a07e8a63a5e46fd234d324') in 0.0149329 seconds
Number of updated asset objects reloaded before import = 0Number of asset objects unloaded after import = 0

========================================================================
Received Import Request.
  Time since last request: 0.000048 seconds.
  path: Assets/Scripts/UI/ResourceBarUI.cs
  artifactKey: Guid(8be2396df45dba94dbebad35e6727d0d) Importer(2089858483,192608db42251d675da83286b1cce702)
Start importing Assets/Scripts/UI/ResourceBarUI.cs using Guid(8be2396df45dba94dbebad35e6727d0d) Importer(2089858483,192608db42251d675da83286b1cce702) (ScriptedImporter) -> (artifact id: '2d200565625477ce7d4407adc126cf2e') in 0.0131068 seconds
Number of updated asset objects reloaded before import = 0Number of asset objects unloaded after import = 0

========================================================================
Received Import Request.
  Time since last request: 0.000019 seconds.
  path: Assets/Prefabs/Heroes
  artifactKey: Guid(8f52e8492be7c8942a341f377562e3d9) Importer(2089858483,192608db42251d675da83286b1cce702)
Start importing Assets/Prefabs/Heroes using Guid(8f52e8492be7c8942a341f377562e3d9) Importer(2089858483,192608db42251d675da83286b1cce702) (ScriptedImporter) -> (artifact id: 'e894de3e3e20b041b5ceeccf11d98d44') in 0.0122697 seconds
Number of updated asset objects reloaded before import = 0Number of asset objects unloaded after import = 1

========================================================================
Received Import Request.
  Time since last request: 0.000026 seconds.
  path: Assets/AstarPathfindingProject/Editor
  artifactKey: Guid(5c2323dc4abce42aabf8c3246653260c) Importer(2089858483,192608db42251d675da83286b1cce702)
Start importing Assets/AstarPathfindingProject/Editor using Guid(5c2323dc4abce42aabf8c3246653260c) Importer(2089858483,192608db42251d675da83286b1cce702) (ScriptedImporter) -> (artifact id: 'e5506b308ddc33436e8d86c17d8ea39f') in 0.0134107 seconds
Number of updated asset objects reloaded before import = 0Number of asset objects unloaded after import = 1

========================================================================
Received Import Request.
  Time since last request: 0.000021 seconds.
  path: Assets/Plugins/Demigiant/DOTween/Editor
  artifactKey: Guid(b27f58ae5d5c33a4bb2d1f4f34bd036d) Importer(2089858483,192608db42251d675da83286b1cce702)
Start importing Assets/Plugins/Demigiant/DOTween/Editor using Guid(b27f58ae5d5c33a4bb2d1f4f34bd036d) Importer(2089858483,192608db42251d675da83286b1cce702) (ScriptedImporter) -> (artifact id: '62e19333980743706d61fcfb840ce2b2') in 0.0154439 seconds
Number of updated asset objects reloaded before import = 0Number of asset objects unloaded after import = 1

========================================================================
Received Import Request.
  Time since last request: 0.000015 seconds.
  path: Assets/Data/Tiles
  artifactKey: Guid(e3f582e6e6f3f5e44bf8984535bd0ff5) Importer(2089858483,192608db42251d675da83286b1cce702)
Start importing Assets/Data/Tiles using Guid(e3f582e6e6f3f5e44bf8984535bd0ff5) Importer(2089858483,192608db42251d675da83286b1cce702) (ScriptedImporter) -> (artifact id: 'f3cdcd27e9c1d11891a6d1bdafac5617') in 0.0121243 seconds
Number of updated asset objects reloaded before import = 0Number of asset objects unloaded after import = 1

========================================================================
Received Import Request.
  Time since last request: 0.000015 seconds.
  path: Assets/Scripts/Data/CreatureData.cs
  artifactKey: Guid(686098c5d070698489e95ae01cdb0ba6) Importer(2089858483,192608db42251d675da83286b1cce702)
Start importing Assets/Scripts/Data/CreatureData.cs using Guid(686098c5d070698489e95ae01cdb0ba6) Importer(2089858483,192608db42251d675da83286b1cce702) (ScriptedImporter) -> (artifact id: '230a87dc1f56abdf6b4a6b1d33a7d41b') in 0.012342 seconds
Number of updated asset objects reloaded before import = 0Number of asset objects unloaded after import = 0

========================================================================
Received Import Request.
  Time since last request: 0.000017 seconds.
  path: Assets/Scripts/Core/Hero.cs
  artifactKey: Guid(d9342f4656017a9439be24406c30dffc) Importer(2089858483,192608db42251d675da83286b1cce702)
Start importing Assets/Scripts/Core/Hero.cs using Guid(d9342f4656017a9439be24406c30dffc) Importer(2089858483,192608db42251d675da83286b1cce702) (ScriptedImporter) -> (artifact id: 'dbf81bc4ada4b06d843757dbd277af7f') in 0.0135035 seconds
Number of updated asset objects reloaded before import = 0Number of asset objects unloaded after import = 0

========================================================================
Received Import Request.
  Time since last request: 0.000021 seconds.
  path: Assets/Scripts/Utilities
  artifactKey: Guid(2178eefe8f3eeb748b84ac04c25b6b9e) Importer(2089858483,192608db42251d675da83286b1cce702)
Start importing Assets/Scripts/Utilities using Guid(2178eefe8f3eeb748b84ac04c25b6b9e) Importer(2089858483,192608db42251d675da83286b1cce702) (ScriptedImporter) -> (artifact id: '24b97a5c86a2c8e2c051b167ee1e5fcb') in 0.0114302 seconds
Number of updated asset objects reloaded before import = 0Number of asset objects unloaded after import = 1

========================================================================
Received Import Request.
  Time since last request: 0.000020 seconds.
  path: Assets/Data/Terrain
  artifactKey: Guid(04e03b63d341d324fa895e968dbdb675) Importer(2089858483,192608db42251d675da83286b1cce702)
Start importing Assets/Data/Terrain using Guid(04e03b63d341d324fa895e968dbdb675) Importer(2089858483,192608db42251d675da83286b1cce702) (ScriptedImporter) -> (artifact id: 'ccec6975a4a7b28d93726a41c8f1a006') in 0.1027043 seconds
Number of updated asset objects reloaded before import = 0Number of asset objects unloaded after import = 1

========================================================================
Received Import Request.
  Time since last request: 0.000017 seconds.
  path: Assets/AstarPathfindingProject/ExampleScenes
  artifactKey: Guid(1cd8ea875c1ca41eca876c0d0bac4d4f) Importer(2089858483,192608db42251d675da83286b1cce702)
Start importing Assets/AstarPathfindingProject/ExampleScenes using Guid(1cd8ea875c1ca41eca876c0d0bac4d4f) Importer(2089858483,192608db42251d675da83286b1cce702) (ScriptedImporter) -> (artifact id: '84d5b424e8a2d01c82b53040c8f0c303') in 0.0137599 seconds
Number of updated asset objects reloaded before import = 0Number of asset objects unloaded after import = 1

========================================================================
Received Import Request.
  Time since last request: 0.000025 seconds.
  path: Assets/AstarPathfindingProject/Pathfinders
  artifactKey: Guid(fc074eb9c6f334cef80f820fcc2b1134) Importer(2089858483,192608db42251d675da83286b1cce702)
Start importing Assets/AstarPathfindingProject/Pathfinders using Guid(fc074eb9c6f334cef80f820fcc2b1134) Importer(2089858483,192608db42251d675da83286b1cce702) (ScriptedImporter) -> (artifact id: 'be1f120bdfb29003ca7d0f700243b2fc') in 0.0128022 seconds
Number of updated asset objects reloaded before import = 0Number of asset objects unloaded after import = 1

========================================================================
Received Import Request.
  Time since last request: 0.000014 seconds.
  path: Assets/Sprites/UI
  artifactKey: Guid(b1f6b1ffc01d4c946a962b0143a62e80) Importer(2089858483,192608db42251d675da83286b1cce702)
Start importing Assets/Sprites/UI using Guid(b1f6b1ffc01d4c946a962b0143a62e80) Importer(2089858483,192608db42251d675da83286b1cce702) (ScriptedImporter) -> (artifact id: '5f4f087d03057b1d68f7ae38edbf42d3') in 0.0151161 seconds
Number of updated asset objects reloaded before import = 0Number of asset objects unloaded after import = 1

========================================================================
Received Import Request.
  Time since last request: 0.000017 seconds.
  path: Assets/TextMesh Pro/Resources/Sprite Assets
  artifactKey: Guid(512a49d95c0c4332bdd98131869c23c9) Importer(2089858483,192608db42251d675da83286b1cce702)
Start importing Assets/TextMesh Pro/Resources/Sprite Assets using Guid(512a49d95c0c4332bdd98131869c23c9) Importer(2089858483,192608db42251d675da83286b1cce702) (ScriptedImporter) -> (artifact id: 'eaf00efc2b79a1f87f0feb683e4b0f44') in 0.0138411 seconds
Number of updated asset objects reloaded before import = 0Number of asset objects unloaded after import = 1

========================================================================
Received Import Request.
  Time since last request: 0.000015 seconds.
  path: Assets/Scripts/Editor/RealmsOfEldor.Editor.asmdef
  artifactKey: Guid(7a3e9f6a1fdc2d544ab8938c9f55c397) Importer(2089858483,192608db42251d675da83286b1cce702)
Start importing Assets/Scripts/Editor/RealmsOfEldor.Editor.asmdef using Guid(7a3e9f6a1fdc2d544ab8938c9f55c397) Importer(2089858483,192608db42251d675da83286b1cce702) (ScriptedImporter) -> (artifact id: 'dc43c4828c31eeab046e1e0a4d03d30f') in 0.014705 seconds
Number of updated asset objects reloaded before import = 0Number of asset objects unloaded after import = 1

========================================================================
Received Import Request.
  Time since last request: 0.000017 seconds.
  path: Assets/AstarPathfindingProject/Editor/EditorAssets/Materials
  artifactKey: Guid(dc5f9291ca7664d19ad21fe005ec9cd2) Importer(2089858483,192608db42251d675da83286b1cce702)
Start importing Assets/AstarPathfindingProject/Editor/EditorAssets/Materials using Guid(dc5f9291ca7664d19ad21fe005ec9cd2) Importer(2089858483,192608db42251d675da83286b1cce702) (ScriptedImporter) -> (artifact id: '3ac9dde38e2fad9cda08c2b80ac2660b') in 0.0123396 seconds
Number of updated asset objects reloaded before import = 0Number of asset objects unloaded after import = 1

========================================================================
Received Import Request.
  Time since last request: 0.000023 seconds.
  path: Assets/Scripts/Core/Battle/TurnQueue.cs
  artifactKey: Guid(f25039f76ef6b044591936ac9b272da7) Importer(2089858483,192608db42251d675da83286b1cce702)
Start importing Assets/Scripts/Core/Battle/TurnQueue.cs using Guid(f25039f76ef6b044591936ac9b272da7) Importer(2089858483,192608db42251d675da83286b1cce702) (ScriptedImporter) -> (artifact id: '82c601f971e24f7d04d53a4d008db6ae') in 0.0132094 seconds
Number of updated asset objects reloaded before import = 0Number of asset objects unloaded after import = 0

========================================================================
Received Import Request.
  Time since last request: 0.000015 seconds.
  path: Assets/AstarPathfindingProject/ExampleScenes/Example6_Navmesh
  artifactKey: Guid(d2197e1d4298b416184ca8be586172de) Importer(2089858483,192608db42251d675da83286b1cce702)
Start importing Assets/AstarPathfindingProject/ExampleScenes/Example6_Navmesh using Guid(d2197e1d4298b416184ca8be586172de) Importer(2089858483,192608db42251d675da83286b1cce702) (ScriptedImporter) -> (artifact id: '380fccda94c72273cf9dbb625436e6bd') in 0.0122323 seconds
Number of updated asset objects reloaded before import = 0Number of asset objects unloaded after import = 1

========================================================================
Received Import Request.
  Time since last request: 0.000014 seconds.
  path: Assets/AstarPathfindingProject/ExampleScenes/Prefabs/MineBot/Materials
  artifactKey: Guid(5401dd0f219b647fc91d1544cd338804) Importer(2089858483,192608db42251d675da83286b1cce702)
Start importing Assets/AstarPathfindingProject/ExampleScenes/Prefabs/MineBot/Materials using Guid(5401dd0f219b647fc91d1544cd338804) Importer(2089858483,192608db42251d675da83286b1cce702) (ScriptedImporter) -> (artifact id: '7ecf52c5759bda31b6b37a0d65722e97') in 0.0113364 seconds
Number of updated asset objects reloaded before import = 0Number of asset objects unloaded after import = 1

========================================================================
Received Import Request.
  Time since last request: 0.000015 seconds.
  path: Assets/Scripts/Controllers/GameStateManager.cs
  artifactKey: Guid(92d4fe6e8cb28714183d7db058f3e402) Importer(2089858483,192608db42251d675da83286b1cce702)
Start importing Assets/Scripts/Controllers/GameStateManager.cs using Guid(92d4fe6e8cb28714183d7db058f3e402) Importer(2089858483,192608db42251d675da83286b1cce702) (ScriptedImporter) -> (artifact id: '0bc6bca7d391f3d1028b19f2949b760e') in 0.0138198 seconds
Number of updated asset objects reloaded before import = 0Number of asset objects unloaded after import = 0

========================================================================
Received Import Request.
  Time since last request: 0.000018 seconds.
  path: Assets/Scripts/Editor/SceneSetup/Phase4UISetup.cs
  artifactKey: Guid(7003651688f9e9546aa6413d981417e8) Importer(2089858483,192608db42251d675da83286b1cce702)
Start importing Assets/Scripts/Editor/SceneSetup/Phase4UISetup.cs using Guid(7003651688f9e9546aa6413d981417e8) Importer(2089858483,192608db42251d675da83286b1cce702) (ScriptedImporter) -> (artifact id: '74e25a80ca4350d6f175eeda5344f79f') in 0.014408 seconds
Number of updated asset objects reloaded before import = 0Number of asset objects unloaded after import = 0

========================================================================
Received Import Request.
  Time since last request: 0.000024 seconds.
  path: Assets/Sprites/Creatures
  artifactKey: Guid(58b5ccafb970d5145bce173e129b6a1e) Importer(2089858483,192608db42251d675da83286b1cce702)
Start importing Assets/Sprites/Creatures using Guid(58b5ccafb970d5145bce173e129b6a1e) Importer(2089858483,192608db42251d675da83286b1cce702) (ScriptedImporter) -> (artifact id: 'f790c75ef892bc6a5d7aa9cb036a7c53') in 0.0117938 seconds
Number of updated asset objects reloaded before import = 0Number of asset objects unloaded after import = 1

========================================================================
Received Import Request.
  Time since last request: 0.000017 seconds.
  path: Assets/Plugins/Demigiant/DOTween/Editor/Imgs
  artifactKey: Guid(0034ebae0c2a9344e897db1160d71b6d) Importer(2089858483,192608db42251d675da83286b1cce702)
Start importing Assets/Plugins/Demigiant/DOTween/Editor/Imgs using Guid(0034ebae0c2a9344e897db1160d71b6d) Importer(2089858483,192608db42251d675da83286b1cce702) (ScriptedImporter) -> (artifact id: '1762b4dd3448a62ac05a4f874417ac80') in 0.0144487 seconds
Number of updated asset objects reloaded before import = 0Number of asset objects unloaded after import = 1

========================================================================
Received Import Request.
  Time since last request: 0.000015 seconds.
  path: Assets/Scripts/Core/Serialization
  artifactKey: Guid(4e6fae7967d7a524fac33bf3960a8a38) Importer(2089858483,192608db42251d675da83286b1cce702)
Start importing Assets/Scripts/Core/Serialization using Guid(4e6fae7967d7a524fac33bf3960a8a38) Importer(2089858483,192608db42251d675da83286b1cce702) (ScriptedImporter) -> (artifact id: '73790c2e48ba293af993d4fd5aedaf39') in 0.0112506 seconds
Number of updated asset objects reloaded before import = 0Number of asset objects unloaded after import = 1

========================================================================
Received Import Request.
  Time since last request: 0.000016 seconds.
  path: Assets/Scripts/Data/GameDataTypes.cs
  artifactKey: Guid(1f3e7c9a2d5b8e4f6a3c9d7e2b8f4a1c) Importer(2089858483,192608db42251d675da83286b1cce702)
Start importing Assets/Scripts/Data/GameDataTypes.cs using Guid(1f3e7c9a2d5b8e4f6a3c9d7e2b8f4a1c) Importer(2089858483,192608db42251d675da83286b1cce702) (ScriptedImporter) -> (artifact id: '36f67af6883bd3a17aa21c367d2d05bb') in 0.0132275 seconds
Number of updated asset objects reloaded before import = 0Number of asset objects unloaded after import = 0

========================================================================
Received Import Request.
  Time since last request: 0.000020 seconds.
  path: Assets/Scripts/Core/Events/UIEventChannel.cs
  artifactKey: Guid(b0585eb1216a85349bdabc3439f9d7f3) Importer(2089858483,192608db42251d675da83286b1cce702)
Start importing Assets/Scripts/Core/Events/UIEventChannel.cs using Guid(b0585eb1216a85349bdabc3439f9d7f3) Importer(2089858483,192608db42251d675da83286b1cce702) (ScriptedImporter) -> (artifact id: '39f0f5031bf86ecdd7f4051f52fe4336') in 0.0125018 seconds
Number of updated asset objects reloaded before import = 0Number of asset objects unloaded after import = 0

========================================================================
Received Import Request.
  Time since last request: 0.000026 seconds.
  path: Assets/Scripts/Tests/EditMode/CombatActionsTests.cs
  artifactKey: Guid(4e8f1c3a7d2b9e5f6a1c8d4e2b7f3a9c) Importer(2089858483,192608db42251d675da83286b1cce702)
Start importing Assets/Scripts/Tests/EditMode/CombatActionsTests.cs using Guid(4e8f1c3a7d2b9e5f6a1c8d4e2b7f3a9c) Importer(2089858483,192608db42251d675da83286b1cce702) (ScriptedImporter) -> (artifact id: '40debb7e73ff17c03f7f5edc0592c008') in 0.0128152 seconds
Number of updated asset objects reloaded before import = 0Number of asset objects unloaded after import = 0

========================================================================
Received Import Request.
  Time since last request: 0.000015 seconds.
  path: Assets/Scripts/Editor/DataGeneration
  artifactKey: Guid(59a9336974fc17f48962c1435f79dc86) Importer(2089858483,192608db42251d675da83286b1cce702)
Start importing Assets/Scripts/Editor/DataGeneration using Guid(59a9336974fc17f48962c1435f79dc86) Importer(2089858483,192608db42251d675da83286b1cce702) (ScriptedImporter) -> (artifact id: '5410fd298c0827f288afc0985200febd') in 0.0126917 seconds
Number of updated asset objects reloaded before import = 0Number of asset objects unloaded after import = 1

========================================================================
Received Import Request.
  Time since last request: 0.000016 seconds.
  path: Assets/Data
  artifactKey: Guid(11a992ba13c841e41803d641927da116) Importer(2089858483,192608db42251d675da83286b1cce702)
Start importing Assets/Data using Guid(11a992ba13c841e41803d641927da116) Importer(2089858483,192608db42251d675da83286b1cce702) (ScriptedImporter) -> (artifact id: '9c777f97c55b9b49dd97ad3e8ddf5239') in 0.011887 seconds
Number of updated asset objects reloaded before import = 0Number of asset objects unloaded after import = 1

========================================================================
Received Import Request.
  Time since last request: 0.000016 seconds.
  path: Assets/Data/Buildings
  artifactKey: Guid(00c5ef54703f4fe4aaf18a5cb0278549) Importer(2089858483,192608db42251d675da83286b1cce702)
Start importing Assets/Data/Buildings using Guid(00c5ef54703f4fe4aaf18a5cb0278549) Importer(2089858483,192608db42251d675da83286b1cce702) (ScriptedImporter) -> (artifact id: '0de830515c453d44258d1b849c8eda25') in 0.0181383 seconds
Number of updated asset objects reloaded before import = 0Number of asset objects unloaded after import = 1

========================================================================
Received Import Request.
  Time since last request: 0.000022 seconds.
  path: Assets/AstarPathfindingProject/Core
  artifactKey: Guid(b6b8abb917bca4ce0ad1b26452b3c58d) Importer(2089858483,192608db42251d675da83286b1cce702)
Start importing Assets/AstarPathfindingProject/Core using Guid(b6b8abb917bca4ce0ad1b26452b3c58d) Importer(2089858483,192608db42251d675da83286b1cce702) (ScriptedImporter) -> (artifact id: '60a9212991c8b5645a685ec10ed6be17') in 0.0138183 seconds
Number of updated asset objects reloaded before import = 0Number of asset objects unloaded after import = 1

========================================================================
Received Import Request.
  Time since last request: 0.000024 seconds.
  path: Assets/AstarPathfindingProject/Editor/GraphEditors
  artifactKey: Guid(b91087a27bf264aff8979e8f0ffa4de4) Importer(2089858483,192608db42251d675da83286b1cce702)
Start importing Assets/AstarPathfindingProject/Editor/GraphEditors using Guid(b91087a27bf264aff8979e8f0ffa4de4) Importer(2089858483,192608db42251d675da83286b1cce702) (ScriptedImporter) -> (artifact id: '8b881e1615dba5d6a3237c795882140f') in 0.0129754 seconds
Number of updated asset objects reloaded before import = 0Number of asset objects unloaded after import = 1

========================================================================
Received Import Request.
  Time since last request: 0.000013 seconds.
  path: Assets/Audio/SFX
  artifactKey: Guid(04b805551ef34a046a02f05c5332d333) Importer(2089858483,192608db42251d675da83286b1cce702)
Start importing Assets/Audio/SFX using Guid(04b805551ef34a046a02f05c5332d333) Importer(2089858483,192608db42251d675da83286b1cce702) (ScriptedImporter) -> (artifact id: '7160ebc67eb25756f3a22b8782b71323') in 0.0116681 seconds
Number of updated asset objects reloaded before import = 0Number of asset objects unloaded after import = 1

========================================================================
Received Import Request.
  Time since last request: 0.000015 seconds.
  path: Assets/Scripts/Core/Map/MapTile.cs
  artifactKey: Guid(dca14360662c85340940335522afb26a) Importer(2089858483,192608db42251d675da83286b1cce702)
Start importing Assets/Scripts/Core/Map/MapTile.cs using Guid(dca14360662c85340940335522afb26a) Importer(2089858483,192608db42251d675da83286b1cce702) (ScriptedImporter) -> (artifact id: 'd38afc97b4453d94b102551754432b2e') in 0.0122262 seconds
Number of updated asset objects reloaded before import = 0Number of asset objects unloaded after import = 0

========================================================================
Received Import Request.
  Time since last request: 0.000014 seconds.
  path: Assets/AstarPathfindingProject/Generators
  artifactKey: Guid(0b5c7343a4f8045ea900c91ce9bdd4c9) Importer(2089858483,192608db42251d675da83286b1cce702)
Start importing Assets/AstarPathfindingProject/Generators using Guid(0b5c7343a4f8045ea900c91ce9bdd4c9) Importer(2089858483,192608db42251d675da83286b1cce702) (ScriptedImporter) -> (artifact id: 'c91330a624a664c65b80116d2c1f2c91') in 0.0112973 seconds
Number of updated asset objects reloaded before import = 0Number of asset objects unloaded after import = 1

========================================================================
Received Import Request.
  Time since last request: 0.000016 seconds.
  path: Assets/Prefabs/Creatures
  artifactKey: Guid(75953c9a81247394086ba65ce4fcb250) Importer(2089858483,192608db42251d675da83286b1cce702)
Start importing Assets/Prefabs/Creatures using Guid(75953c9a81247394086ba65ce4fcb250) Importer(2089858483,192608db42251d675da83286b1cce702) (ScriptedImporter) -> (artifact id: 'edcb2644adc9f7be7302c0634023e6df') in 0.0132324 seconds
Number of updated asset objects reloaded before import = 0Number of asset objects unloaded after import = 1

========================================================================
Received Import Request.
  Time since last request: 0.000028 seconds.
  path: Assets/Scripts/Controllers/Battle
  artifactKey: Guid(b887abfd81720f8419ae789c0883b7f6) Importer(2089858483,192608db42251d675da83286b1cce702)
Start importing Assets/Scripts/Controllers/Battle using Guid(b887abfd81720f8419ae789c0883b7f6) Importer(2089858483,192608db42251d675da83286b1cce702) (ScriptedImporter) -> (artifact id: '998a50d4dd232bcd9e01113d7c6f3db9') in 0.0128437 seconds
Number of updated asset objects reloaded before import = 0Number of asset objects unloaded after import = 1

========================================================================
Received Import Request.
  Time since last request: 0.000018 seconds.
  path: Assets/Plugins/Demigiant/DOTween/Modules
  artifactKey: Guid(143604b8bad857d47a6f7cc7a533e2dc) Importer(2089858483,192608db42251d675da83286b1cce702)
Start importing Assets/Plugins/Demigiant/DOTween/Modules using Guid(143604b8bad857d47a6f7cc7a533e2dc) Importer(2089858483,192608db42251d675da83286b1cce702) (ScriptedImporter) -> (artifact id: 'eddebeaed96f64a4d4984453b53edb38') in 0.0116292 seconds
Number of updated asset objects reloaded before import = 0Number of asset objects unloaded after import = 1

========================================================================
Received Import Request.
  Time since last request: 0.000019 seconds.
  path: Assets/AstarPathfindingProject/PackageTools/Editor
  artifactKey: Guid(0cbdf52f81d0d4ce7860eab2a4d018cd) Importer(2089858483,192608db42251d675da83286b1cce702)
Start importing Assets/AstarPathfindingProject/PackageTools/Editor using Guid(0cbdf52f81d0d4ce7860eab2a4d018cd) Importer(2089858483,192608db42251d675da83286b1cce702) (ScriptedImporter) -> (artifact id: 'c19ef97c2d836f132e23e1cf0bbc60e4') in 0.014945 seconds
Number of updated asset objects reloaded before import = 0Number of asset objects unloaded after import = 1

========================================================================
Received Import Request.
  Time since last request: 0.000014 seconds.
  path: Assets/AstarPathfindingProject/Editor/EditorAssets
  artifactKey: Guid(4b2dff938dc634365967d447c540e208) Importer(2089858483,192608db42251d675da83286b1cce702)
Start importing Assets/AstarPathfindingProject/Editor/EditorAssets using Guid(4b2dff938dc634365967d447c540e208) Importer(2089858483,192608db42251d675da83286b1cce702) (ScriptedImporter) -> (artifact id: '5db91708e7df2e92b3ea51664eddfffa') in 0.0115601 seconds
Number of updated asset objects reloaded before import = 0Number of asset objects unloaded after import = 1

========================================================================
Received Import Request.
  Time since last request: 0.000017 seconds.
  path: Assets/AstarPathfindingProject/Navmesh
  artifactKey: Guid(08b14213ddd0742ea8d58aa4eaa639de) Importer(2089858483,192608db42251d675da83286b1cce702)
Start importing Assets/AstarPathfindingProject/Navmesh using Guid(08b14213ddd0742ea8d58aa4eaa639de) Importer(2089858483,192608db42251d675da83286b1cce702) (ScriptedImporter) -> (artifact id: '0b42f4dc5fe6e739c32dc09fca99cd8f') in 0.0111045 seconds
Number of updated asset objects reloaded before import = 0Number of asset objects unloaded after import = 1

========================================================================
Received Import Request.
  Time since last request: 0.000024 seconds.
  path: Assets/Scripts
  artifactKey: Guid(adfae8d89ee5f514cba5b7936e3577b3) Importer(2089858483,192608db42251d675da83286b1cce702)
Start importing Assets/Scripts using Guid(adfae8d89ee5f514cba5b7936e3577b3) Importer(2089858483,192608db42251d675da83286b1cce702) (ScriptedImporter) -> (artifact id: '3985cf30110b458353ea2f42778ca604') in 0.0123454 seconds
Number of updated asset objects reloaded before import = 0Number of asset objects unloaded after import = 1

========================================================================
Received Import Request.
  Time since last request: 0.000013 seconds.
  path: Assets/AstarPathfindingProject/ExampleScenes/Example9_Penalties
  artifactKey: Guid(a22bb0d2b6e4d4a50b5ef62e1219d9ea) Importer(2089858483,192608db42251d675da83286b1cce702)
Start importing Assets/AstarPathfindingProject/ExampleScenes/Example9_Penalties using Guid(a22bb0d2b6e4d4a50b5ef62e1219d9ea) Importer(2089858483,192608db42251d675da83286b1cce702) (ScriptedImporter) -> (artifact id: 'd2b5f8485e733f4ca9eb8fd8f322d6a1') in 0.0119136 seconds
Number of updated asset objects reloaded before import = 0Number of asset objects unloaded after import = 1

========================================================================
Received Import Request.
  Time since last request: 0.000016 seconds.
  path: Assets/TextMesh Pro/Resources/Fonts & Materials
  artifactKey: Guid(731f1baa9d144a9897cb1d341c2092b8) Importer(2089858483,192608db42251d675da83286b1cce702)
Start importing Assets/TextMesh Pro/Resources/Fonts & Materials using Guid(731f1baa9d144a9897cb1d341c2092b8) Importer(2089858483,192608db42251d675da83286b1cce702) (ScriptedImporter) -> (artifact id: '2fcff152ae7a30ee3f50cf86822e0e77') in 0.0113591 seconds
Number of updated asset objects reloaded before import = 0Number of asset objects unloaded after import = 1

========================================================================
Received Import Request.
  Time since last request: 0.000015 seconds.
  path: Assets
  artifactKey: Guid(00000000000000001000000000000000) Importer(2089858483,192608db42251d675da83286b1cce702)
Start importing Assets using Guid(00000000000000001000000000000000) Importer(2089858483,192608db42251d675da83286b1cce702) (ScriptedImporter) -> (artifact id: '2e341237b642d941c00c281530a6babb') in 0.0132453 seconds
Number of updated asset objects reloaded before import = 0Number of asset objects unloaded after import = 1

========================================================================
Received Import Request.
  Time since last request: 0.000018 seconds.
  path: Assets/Scripts/Editor/DataGeneration/EventChannelGenerator.cs
  artifactKey: Guid(419ebfe15956b7449ad1aa6123f6e935) Importer(2089858483,192608db42251d675da83286b1cce702)
Start importing Assets/Scripts/Editor/DataGeneration/EventChannelGenerator.cs using Guid(419ebfe15956b7449ad1aa6123f6e935) Importer(2089858483,192608db42251d675da83286b1cce702) (ScriptedImporter) -> (artifact id: 'e2984d37871fa0c0906cb8d0acdea39b') in 0.0134787 seconds
Number of updated asset objects reloaded before import = 0Number of asset objects unloaded after import = 0

========================================================================
Received Import Request.
  Time since last request: 0.000025 seconds.
  path: Assets/Settings/Scenes
  artifactKey: Guid(d574b2fb4661c408f80aa76c0182931f) Importer(2089858483,192608db42251d675da83286b1cce702)
Start importing Assets/Settings/Scenes using Guid(d574b2fb4661c408f80aa76c0182931f) Importer(2089858483,192608db42251d675da83286b1cce702) (ScriptedImporter) -> (artifact id: '80dfba195145ba813d178156be652169') in 0.0131065 seconds
Number of updated asset objects reloaded before import = 0Number of asset objects unloaded after import = 1

========================================================================
Received Import Request.
  Time since last request: 0.000016 seconds.
  path: Assets/Scripts/Core
  artifactKey: Guid(6809f046aa300b643b9c637ee431a9a9) Importer(2089858483,192608db42251d675da83286b1cce702)
Start importing Assets/Scripts/Core using Guid(6809f046aa300b643b9c637ee431a9a9) Importer(2089858483,192608db42251d675da83286b1cce702) (ScriptedImporter) -> (artifact id: 'fd29be24088f5630e081c0ce4db0e1d9') in 0.0123476 seconds
Number of updated asset objects reloaded before import = 0Number of asset objects unloaded after import = 1

========================================================================
Received Import Request.
  Time since last request: 0.000015 seconds.
  path: Assets/Data/EventChannels
  artifactKey: Guid(09e6c7d39f8bada4392f58fd4fb39485) Importer(2089858483,192608db42251d675da83286b1cce702)
Start importing Assets/Data/EventChannels using Guid(09e6c7d39f8bada4392f58fd4fb39485) Importer(2089858483,192608db42251d675da83286b1cce702) (ScriptedImporter) -> (artifact id: '1f7ef339064c7d5e7601b0d665cfaba1') in 0.0126985 seconds
Number of updated asset objects reloaded before import = 0Number of asset objects unloaded after import = 1

========================================================================
Received Import Request.
  Time since last request: 0.000015 seconds.
  path: Assets/Tests/EditMode
  artifactKey: Guid(cd74cc38b7144524bbe8fef20964a3c9) Importer(2089858483,192608db42251d675da83286b1cce702)
Start importing Assets/Tests/EditMode using Guid(cd74cc38b7144524bbe8fef20964a3c9) Importer(2089858483,192608db42251d675da83286b1cce702) (ScriptedImporter) -> (artifact id: 'a5e6ab8576fbe92373dfc8ce32c9d8db') in 0.0153064 seconds
Number of updated asset objects reloaded before import = 0Number of asset objects unloaded after import = 1

========================================================================
Received Import Request.
  Time since last request: 0.000017 seconds.
  path: Assets/AstarPathfindingProject/Behaviors
  artifactKey: Guid(5eeb3c5df5ca840d3ae6b93e6b207d74) Importer(2089858483,192608db42251d675da83286b1cce702)
Start importing Assets/AstarPathfindingProject/Behaviors using Guid(5eeb3c5df5ca840d3ae6b93e6b207d74) Importer(2089858483,192608db42251d675da83286b1cce702) (ScriptedImporter) -> (artifact id: '699fa4ed2b4904de14bc253ea43ae3b9') in 0.0125272 seconds
Number of updated asset objects reloaded before import = 0Number of asset objects unloaded after import = 1

========================================================================
Received Import Request.
  Time since last request: 0.000032 seconds.
  path: Assets/Scripts/Data/TerrainData.cs
  artifactKey: Guid(7e8b4a5c3f2d1e9b6c8a5f4d2e1c9b7a) Importer(2089858483,192608db42251d675da83286b1cce702)
Start importing Assets/Scripts/Data/TerrainData.cs using Guid(7e8b4a5c3f2d1e9b6c8a5f4d2e1c9b7a) Importer(2089858483,192608db42251d675da83286b1cce702) (ScriptedImporter) -> (artifact id: 'c9dc1861f72705adb946a3ad152648ae') in 0.0138068 seconds
Number of updated asset objects reloaded before import = 0Number of asset objects unloaded after import = 0

========================================================================
Received Import Request.
  Time since last request: 0.000014 seconds.
  path: Assets/Scripts/Core/Battle/BattleState.cs
  artifactKey: Guid(d4ad01d33b4efd9459f4838fa0d8ee43) Importer(2089858483,192608db42251d675da83286b1cce702)
Start importing Assets/Scripts/Core/Battle/BattleState.cs using Guid(d4ad01d33b4efd9459f4838fa0d8ee43) Importer(2089858483,192608db42251d675da83286b1cce702) (ScriptedImporter) -> (artifact id: '9be6dd1ba64d1d36d65d4883f036954b') in 0.014155 seconds
Number of updated asset objects reloaded before import = 0Number of asset objects unloaded after import = 0

========================================================================
Received Import Request.
  Time since last request: 0.000015 seconds.
  path: Assets/AstarPathfindingProject/Editor/EditorAssets/DarkSkin
  artifactKey: Guid(b550ce2d4ed7140078170116365ea5f9) Importer(2089858483,192608db42251d675da83286b1cce702)
Start importing Assets/AstarPathfindingProject/Editor/EditorAssets/DarkSkin using Guid(b550ce2d4ed7140078170116365ea5f9) Importer(2089858483,192608db42251d675da83286b1cce702) (ScriptedImporter) -> (artifact id: '5f5ed2ec67af6f2029f1d251564ea1aa') in 0.0113224 seconds
Number of updated asset objects reloaded before import = 0Number of asset objects unloaded after import = 1

========================================================================
Received Import Request.
  Time since last request: 0.000018 seconds.
  path: Assets/Scripts/Tests/EditMode/TurnQueueTests.cs
  artifactKey: Guid(f579a63900c88564ba8f7c86b740930d) Importer(2089858483,192608db42251d675da83286b1cce702)
Start importing Assets/Scripts/Tests/EditMode/TurnQueueTests.cs using Guid(f579a63900c88564ba8f7c86b740930d) Importer(2089858483,192608db42251d675da83286b1cce702) (ScriptedImporter) -> (artifact id: '17414ee23440f38c102cdd2ccdcb79ba') in 0.0141435 seconds
Number of updated asset objects reloaded before import = 0Number of asset objects unloaded after import = 0

========================================================================
Received Import Request.
  Time since last request: 0.000016 seconds.
  path: Assets/Prefabs/Heroes/HeroWalk.anim
  artifactKey: Guid(98d4e3a668fb90342bad5f41d4595824) Importer(2089858483,192608db42251d675da83286b1cce702)
Start importing Assets/Prefabs/Heroes/HeroWalk.anim using Guid(98d4e3a668fb90342bad5f41d4595824) Importer(2089858483,192608db42251d675da83286b1cce702) (ScriptedImporter) -> (artifact id: '206d18ae8f2194e5db2f62a88f49f55b') in 0.0296802 seconds
Number of updated asset objects reloaded before import = 0Number of asset objects unloaded after import = 1

========================================================================
Received Import Request.
  Time since last request: 0.000022 seconds.
  path: Assets/Tests
  artifactKey: Guid(6b09849db5ee3a648b31f0dc6b0abb32) Importer(2089858483,192608db42251d675da83286b1cce702)
Start importing Assets/Tests using Guid(6b09849db5ee3a648b31f0dc6b0abb32) Importer(2089858483,192608db42251d675da83286b1cce702) (ScriptedImporter) -> (artifact id: '770fbd6e235db9c465c8bd7e6768d33f') in 0.0119111 seconds
Number of updated asset objects reloaded before import = 0Number of asset objects unloaded after import = 1

========================================================================
Received Import Request.
  Time since last request: 0.000015 seconds.
  path: Assets/AstarPathfindingProject/Resources
  artifactKey: Guid(c47354d98fca76707a4a9c424fcaa6e6) Importer(2089858483,192608db42251d675da83286b1cce702)
Start importing Assets/AstarPathfindingProject/Resources using Guid(c47354d98fca76707a4a9c424fcaa6e6) Importer(2089858483,192608db42251d675da83286b1cce702) (ScriptedImporter) -> (artifact id: 'f63009bf9b1a5ccb4fff8fa6b8bc39ef') in 0.0120499 seconds
Number of updated asset objects reloaded before import = 0Number of asset objects unloaded after import = 1

========================================================================
Received Import Request.
  Time since last request: 0.000017 seconds.
  path: Assets/AstarPathfindingProject/Plugins
  artifactKey: Guid(5a0d3e93ff0994aa09bcb871cfb561bc) Importer(2089858483,192608db42251d675da83286b1cce702)
Start importing Assets/AstarPathfindingProject/Plugins using Guid(5a0d3e93ff0994aa09bcb871cfb561bc) Importer(2089858483,192608db42251d675da83286b1cce702) (ScriptedImporter) -> (artifact id: '0a88b9ec7b4389236f7f74f94923129d') in 0.0126504 seconds
Number of updated asset objects reloaded before import = 0Number of asset objects unloaded after import = 1

========================================================================
Received Import Request.
  Time since last request: 0.000015 seconds.
  path: Assets/AstarPathfindingProject
  artifactKey: Guid(6942e1e80e8b54fde9147e843f1bec4f) Importer(2089858483,192608db42251d675da83286b1cce702)
Start importing Assets/AstarPathfindingProject using Guid(6942e1e80e8b54fde9147e843f1bec4f) Importer(2089858483,192608db42251d675da83286b1cce702) (ScriptedImporter) -> (artifact id: '14efcce993f0bfe2c48d7bebdbdae393') in 0.0122221 seconds
Number of updated asset objects reloaded before import = 0Number of asset objects unloaded after import = 1

========================================================================
Received Import Request.
  Time since last request: 0.000016 seconds.
  path: Assets/Scripts/Tests/EditMode/MapTileTests.cs
  artifactKey: Guid(b2c3d4e5f6a7b8c9d0e1f2a3b4c5d6e7) Importer(2089858483,192608db42251d675da83286b1cce702)
Start importing Assets/Scripts/Tests/EditMode/MapTileTests.cs using Guid(b2c3d4e5f6a7b8c9d0e1f2a3b4c5d6e7) Importer(2089858483,192608db42251d675da83286b1cce702) (ScriptedImporter) -> (artifact id: 'f2d42938e084ade7dddd58cd2efb552e') in 0.0120961 seconds
Number of updated asset objects reloaded before import = 0Number of asset objects unloaded after import = 0

========================================================================
Received Import Request.
  Time since last request: 0.000025 seconds.
  path: Assets/Scripts/Core/GameTypes.cs
  artifactKey: Guid(b2a697d68f4853949b2506ef00a79c4c) Importer(2089858483,192608db42251d675da83286b1cce702)
Start importing Assets/Scripts/Core/GameTypes.cs using Guid(b2a697d68f4853949b2506ef00a79c4c) Importer(2089858483,192608db42251d675da83286b1cce702) (ScriptedImporter) -> (artifact id: '0aeee63d82ff242b1dd83d320cba8511') in 0.0131686 seconds
Number of updated asset objects reloaded before import = 0Number of asset objects unloaded after import = 0

========================================================================
Received Import Request.
  Time since last request: 0.000015 seconds.
  path: Assets/Scripts/Controllers/HeroSpawner.cs
  artifactKey: Guid(8f3c2d5e9b4a1f6c7e2d8a3b5c9f1e4d) Importer(2089858483,192608db42251d675da83286b1cce702)
Start importing Assets/Scripts/Controllers/HeroSpawner.cs using Guid(8f3c2d5e9b4a1f6c7e2d8a3b5c9f1e4d) Importer(2089858483,192608db42251d675da83286b1cce702) (ScriptedImporter) -> (artifact id: 'e9bf72e1b0918c14db63da98c62228de') in 0.0155652 seconds
Number of updated asset objects reloaded before import = 0Number of asset objects unloaded after import = 0

========================================================================
Received Import Request.
  Time since last request: 0.000020 seconds.
  path: Assets/Scripts/Controllers/Battle/BattleController.cs
  artifactKey: Guid(be85bac3ab2c847489756dd0ada8ce3f) Importer(2089858483,192608db42251d675da83286b1cce702)
Start importing Assets/Scripts/Controllers/Battle/BattleController.cs using Guid(be85bac3ab2c847489756dd0ada8ce3f) Importer(2089858483,192608db42251d675da83286b1cce702) (ScriptedImporter) -> (artifact id: 'e9d272ea760cb3ec58c3d296b4611c28') in 0.0129992 seconds
Number of updated asset objects reloaded before import = 0Number of asset objects unloaded after import = 0

Editor requested this worker to shutdown with reason: Scaling down because of idle timeout
AssetImportWorker is now disconnected from the server
Process exiting
Exiting without the bug reporter. Application will terminate with return code 0