[Licensing::Module] Trying to connect to existing licensing client channel...
[Licensing::IpcConnector] Successfully connected to: "LicenseClient-Mikkel Syse Grøsland" at "2025-10-04T07:27:56.1024079Z"
Built from '6000.2/respin/6000.2.6f2-cc51a95c03' branch; Version is '6000.2.6f2 (4a4dcaec6541) revision 4869578'; Using compiler version '194234433'; Build Type 'Release'
OS: 'Windows 11  (10.0.26100) 64bit Professional' Language: 'en' Physical Memory: 32680 MB
BatchMode: 1, IsHumanControllingUs: 0, StartBugReporterOnCrash: 0, Is64bit: 1
Date: 2025-10-04T07:27:56Z

COMMAND LINE ARGUMENTS:
C:\Program Files\Unity\Hub\Editor\6000.2.6f2\Editor\Unity.exe
-adb2
-batchMode
-noUpm
-name
AssetImportWorker0
-projectPath
C:/Users/Mikkel Syse Grøsland/Documents/Projects/realmsofeldor
-logFile
Logs/AssetImportWorker0.log
-srvPort
59572
-licensingIpc
LicenseClient-Mikkel Syse Grøsland
-job-worker-count
5
-background-job-worker-count
8
-gc-helper-count
1
-name
AssetImport
Successfully changed project path to: C:/Users/Mikkel Syse Grøsland/Documents/Projects/realmsofeldor
C:/Users/Mikkel Syse Grøsland/Documents/Projects/realmsofeldor
[UnityMemory] Configuration Parameters - Can be set up in boot.config
    "memorysetup-allocator-temp-initial-block-size-main=262144"
    "memorysetup-allocator-temp-initial-block-size-worker=262144"
    "memorysetup-bucket-allocator-granularity=16"
    "memorysetup-bucket-allocator-bucket-count=8"
    "memorysetup-bucket-allocator-block-size=33554432"
    "memorysetup-bucket-allocator-block-count=8"
    "memorysetup-main-allocator-block-size=16777216"
    "memorysetup-thread-allocator-block-size=16777216"
    "memorysetup-gfx-main-allocator-block-size=16777216"
    "memorysetup-gfx-thread-allocator-block-size=16777216"
    "memorysetup-cache-allocator-block-size=4194304"
    "memorysetup-typetree-allocator-block-size=2097152"
    "memorysetup-profiler-bucket-allocator-granularity=16"
    "memorysetup-profiler-bucket-allocator-bucket-count=8"
    "memorysetup-profiler-bucket-allocator-block-size=33554432"
    "memorysetup-profiler-bucket-allocator-block-count=8"
    "memorysetup-profiler-allocator-block-size=16777216"
    "memorysetup-profiler-editor-allocator-block-size=1048576"
    "memorysetup-temp-allocator-size-main=16777216"
    "memorysetup-job-temp-allocator-block-size=2097152"
    "memorysetup-job-temp-allocator-block-size-background=1048576"
    "memorysetup-job-temp-allocator-reduction-small-platforms=262144"
    "memorysetup-temp-allocator-size-background-worker=32768"
    "memorysetup-temp-allocator-size-job-worker=262144"
    "memorysetup-temp-allocator-size-preload-manager=33554432"
    "memorysetup-temp-allocator-size-nav-mesh-worker=65536"
    "memorysetup-temp-allocator-size-audio-worker=65536"
    "memorysetup-temp-allocator-size-cloud-worker=32768"
    "memorysetup-temp-allocator-size-gi-baking-worker=262144"
    "memorysetup-temp-allocator-size-gi-baking-worker=262144"
    "memorysetup-temp-allocator-size-gi-baking-worker=262144"
    "memorysetup-temp-allocator-size-gi-baking-worker=262144"
    "memorysetup-temp-allocator-size-gi-baking-worker=262144"
    "memorysetup-temp-allocator-size-gfx=262144"
Player connection [21608]  Target information:

Player connection [21608]  * "[IP] 10.0.0.9 [Port] 0 [Flags] 2 [Guid] 2611844225 [EditorId] 2611844225 [Version] 1048832 [Id] WindowsEditor(7,Fractal-PC) [Debug] 1 [PackageName] WindowsEditor [ProjectName] Editor" 

Player connection [21608]  * "[IP] 172.27.240.1 [Port] 0 [Flags] 2 [Guid] 2611844225 [EditorId] 2611844225 [Version] 1048832 [Id] WindowsEditor(7,Fractal-PC) [Debug] 1 [PackageName] WindowsEditor [ProjectName] Editor" 

Player connection [21608]  * "[IP] 172.22.224.1 [Port] 0 [Flags] 2 [Guid] 2611844225 [EditorId] 2611844225 [Version] 1048832 [Id] WindowsEditor(7,Fractal-PC) [Debug] 1 [PackageName] WindowsEditor [ProjectName] Editor" 

Player connection [21608] Host joined multi-casting on [225.0.0.222:54997]...
Player connection [21608] Host joined alternative multi-casting on [225.0.0.222:34997]...
JobSystem: Creating JobQueue using job-worker-count value 5
Input System module state changed to: Initialized.
[Physics::Module] Initialized fallback backend.
[Physics::Module] Id: 0xdecafbad
Library Redirect Path: Library/
[Licensing::Client] Code 10 while verifying Licensing Client signature (process Id: 22856, path: "C:/Program Files/Unity Hub/UnityLicensingClient_V1/Unity.Licensing.Client.exe")
[Licensing::Module] LicensingClient has failed validation; ignoring
[Licensing::Client] Handshaking with LicensingClient:
  Version:                 1.17.3+a4e98f1
  Session Id:              f8de628afa9a4cca92d1ff4e21e7b566
  Correlation Id:          4fee63712c40def62bd29cc9f4801198
  External correlation Id: 9135307633225106732
  Machine Id:              fRj4ZRPgaD2KDM7124VReX3c9nQ=
[Licensing::Module] Successfully connected to LicensingClient on channel: "LicenseClient-Mikkel Syse Grøsland" (connect: 0.00s, validation: 0.00s, handshake: 0.12s)
[Licensing::IpcConnector] Successfully connected to: "LicenseClient-Mikkel Syse Grøsland-notifications" at "2025-10-04T07:27:56.2272181Z"
[Licensing::Module] Licensing Background thread has ended after 0.13s
[Physics::Module] Selected backend.
[Physics::Module] Name: PhysX
[Physics::Module] Id: 0xf2b8ea05
[Physics::Module] SDK Version: 4.1.2
[Physics::Module] Integration Version: 1.0.0
[Physics::Module] Threading Mode: Multi-Threaded
Refreshing native plugins compatible for Editor in 223.69 ms, found 4 plugins.
Preloading 0 native plugins for Editor in 0.00 ms.
Initialize engine version: 6000.2.6f2 (4a4dcaec6541)
[Subsystems] Discovering subsystems at path C:/Program Files/Unity/Hub/Editor/6000.2.6f2/Editor/Data/Resources/UnitySubsystems
[Subsystems] Discovering subsystems at path C:/Users/Mikkel Syse Grøsland/Documents/Projects/realmsofeldor/Assets
GfxDevice: creating device client; kGfxThreadingModeNonThreaded
d3d12: failed to query info queue interface (0x80004002).
Direct3D:
    Version:         Direct3D 12 [level 12.1]
    Renderer:        NVIDIA GeForce GTX 1660 (ID=0x2184)
    Vendor:          NVIDIA
    VRAM:            5966 MB
    App VRAM Budget: 5198 MB
    Driver:          32.0.15.6094
Initialize mono
Mono path[0] = 'C:/Program Files/Unity/Hub/Editor/6000.2.6f2/Editor/Data/Managed'
Mono path[1] = 'C:/Program Files/Unity/Hub/Editor/6000.2.6f2/Editor/Data/MonoBleedingEdge/lib/mono/unityjit-win32'
Mono config path = 'C:/Program Files/Unity/Hub/Editor/6000.2.6f2/Editor/Data/MonoBleedingEdge/etc'
Using monoOptions --debugger-agent=transport=dt_socket,embedding=1,server=y,suspend=n,address=127.0.0.1:56388
Begin MonoManager ReloadAssembly
Registering precompiled unity dll's ...
Register platform support module: C:/Program Files/Unity/Hub/Editor/6000.2.6f2/Editor/Data/PlaybackEngines/WebGLSupport/UnityEditor.WebGL.Extensions.dll
Register platform support module: C:/Program Files/Unity/Hub/Editor/6000.2.6f2/Editor/Data/PlaybackEngines/WindowsStandaloneSupport/UnityEditor.WindowsStandalone.Extensions.dll
Registered in 0.002586 seconds.
- Loaded All Assemblies, in  2.312 seconds
Native extension for WindowsStandalone target not found
Native extension for WebGL target not found
Mono: successfully reloaded assembly
- Finished resetting the current domain, in  0.437 seconds
Domain Reload Profiling: 2746ms
	BeginReloadAssembly (409ms)
		ExecutionOrderSort (0ms)
		DisableScriptedObjects (0ms)
		BackupInstance (0ms)
		ReleaseScriptingObjects (0ms)
		CreateAndSetChildDomain (1ms)
	RebuildCommonClasses (337ms)
	RebuildNativeTypeToScriptingClass (16ms)
	initialDomainReloadingComplete (57ms)
	LoadAllAssembliesAndSetupDomain (1490ms)
		LoadAssemblies (404ms)
		RebuildTransferFunctionScriptingTraits (0ms)
		AnalyzeDomain (1486ms)
			TypeCache.Refresh (1484ms)
				TypeCache.ScanAssembly (1163ms)
			BuildScriptInfoCaches (0ms)
			ResolveRequiredComponents (0ms)
	FinalizeReload (438ms)
		ReleaseScriptCaches (0ms)
		RebuildScriptCaches (0ms)
		SetupLoadedEditorAssemblies (377ms)
			LogAssemblyErrors (0ms)
			InitializePlatformSupportModulesInManaged (69ms)
			SetLoadedEditorAssemblies (4ms)
			BeforeProcessingInitializeOnLoad (80ms)
			ProcessInitializeOnLoadAttributes (144ms)
			ProcessInitializeOnLoadMethodAttributes (80ms)
			AfterProcessingInitializeOnLoad (0ms)
			EditorAssembliesLoaded (0ms)
		ExecutionOrderSort2 (0ms)
		AwakeInstancesAfterBackupRestoration (0ms)
========================================================================
Worker process is ready to serve import requests
Import Worker Mode flag is 0x00
Begin MonoManager ReloadAssembly
[Licensing::Client] Successfully resolved entitlement details
[Licensing::Module] License group:
  Id: 1244375-UnityPersXXXX
  Product: Unity Personal
  Type: Assigned
  Expiration: Unlimited
- Loaded All Assemblies, in  2.261 seconds
Refreshing native plugins compatible for Editor in 2.08 ms, found 4 plugins.
Native extension for WindowsStandalone target not found
Native extension for WebGL target not found
Package Manager log level set to [2]
[Package Manager] Failed to launch server process. Reason: Unity was launched with the -noUpm command-line argument
[Package Manager] Unable to send message (not connected to server process).
[Package Manager] Cannot connect to Unity Package Manager local server
Mono: successfully reloaded assembly
- Finished resetting the current domain, in  3.086 seconds
Domain Reload Profiling: 5341ms
	BeginReloadAssembly (217ms)
		ExecutionOrderSort (0ms)
		DisableScriptedObjects (7ms)
		BackupInstance (0ms)
		ReleaseScriptingObjects (0ms)
		CreateAndSetChildDomain (33ms)
	RebuildCommonClasses (43ms)
	RebuildNativeTypeToScriptingClass (15ms)
	initialDomainReloadingComplete (45ms)
	LoadAllAssembliesAndSetupDomain (1935ms)
		LoadAssemblies (1706ms)
		RebuildTransferFunctionScriptingTraits (0ms)
		AnalyzeDomain (346ms)
			TypeCache.Refresh (254ms)
				TypeCache.ScanAssembly (234ms)
			BuildScriptInfoCaches (75ms)
			ResolveRequiredComponents (13ms)
	FinalizeReload (3086ms)
		ReleaseScriptCaches (0ms)
		RebuildScriptCaches (0ms)
		SetupLoadedEditorAssemblies (2503ms)
			LogAssemblyErrors (0ms)
			InitializePlatformSupportModulesInManaged (3ms)
			SetLoadedEditorAssemblies (4ms)
			BeforeProcessingInitializeOnLoad (485ms)
			ProcessInitializeOnLoadAttributes (1159ms)
			ProcessInitializeOnLoadMethodAttributes (843ms)
			AfterProcessingInitializeOnLoad (9ms)
			EditorAssembliesLoaded (0ms)
		ExecutionOrderSort2 (0ms)
		AwakeInstancesAfterBackupRestoration (9ms)
Launched and connected shader compiler UnityShaderCompiler.exe after 0.05 seconds
Refreshing native plugins compatible for Editor in 3.51 ms, found 4 plugins.
Preloading 0 native plugins for Editor in 0.00 ms.
Unloading 37 Unused Serialized files (Serialized files now loaded: 0)
Unloading 6797 unused Assets / (7.0 MB). Loaded Objects now: 7464.
Memory consumption went from 145.4 MB to 138.5 MB.
Total: 11.427000 ms (FindLiveObjects: 0.922900 ms CreateObjectMapping: 1.290700 ms MarkObjects: 5.111300 ms  DeleteObjects: 4.100600 ms)

========================================================================
Received Import Request.
  Time since last request: 2084274.816962 seconds.
  path: Assets/DefaultVolumeProfile.asset
  artifactKey: Guid(3f9215ea0144899419cfbc0957140d3f) Importer(2089858483,192608db42251d675da83286b1cce702)
Start importing Assets/DefaultVolumeProfile.asset using Guid(3f9215ea0144899419cfbc0957140d3f) Importer(2089858483,192608db42251d675da83286b1cce702) (ScriptedImporter) -> (artifact id: '7621344cbe2bb9fdc8f65030a6fe045f') in 0.2256793 seconds
Number of updated asset objects reloaded before import = 0Number of asset objects unloaded after import = 0

========================================================================
Received Import Request.
  Time since last request: 0.000029 seconds.
  path: Assets/Scripts/Core/Player.cs
  artifactKey: Guid(10a2e38659b1d4648801170d2e7d1bd7) Importer(2089858483,192608db42251d675da83286b1cce702)
Start importing Assets/Scripts/Core/Player.cs using Guid(10a2e38659b1d4648801170d2e7d1bd7) Importer(2089858483,192608db42251d675da83286b1cce702) (ScriptedImporter) -> (artifact id: '0bca6f06f4d2a6c5fc8c867bb12d66d0') in 0.0231073 seconds
Number of updated asset objects reloaded before import = 0Number of asset objects unloaded after import = 0

========================================================================
Received Import Request.
  Time since last request: 0.000025 seconds.
  path: Assets/Scripts/Data/RealmsOfEldor.Data.asmdef
  artifactKey: Guid(12ffa57f83499bf4a8e27096d34b8f11) Importer(2089858483,192608db42251d675da83286b1cce702)
Start importing Assets/Scripts/Data/RealmsOfEldor.Data.asmdef using Guid(12ffa57f83499bf4a8e27096d34b8f11) Importer(2089858483,192608db42251d675da83286b1cce702) (ScriptedImporter) -> (artifact id: '139a9ef293b736d45486b2b2373182b8') in 0.0207001 seconds
Number of updated asset objects reloaded before import = 0Number of asset objects unloaded after import = 1

========================================================================
Received Import Request.
  Time since last request: 0.000017 seconds.
  path: Assets/Scripts/Utilities/PositionExtensions.cs
  artifactKey: Guid(d8683ada01698514fbe8e9b301924996) Importer(2089858483,192608db42251d675da83286b1cce702)
Start importing Assets/Scripts/Utilities/PositionExtensions.cs using Guid(d8683ada01698514fbe8e9b301924996) Importer(2089858483,192608db42251d675da83286b1cce702) (ScriptedImporter) -> (artifact id: '31b43efe3a0fecff3dc695cf8ba7d5cf') in 0.0156029 seconds
Number of updated asset objects reloaded before import = 0Number of asset objects unloaded after import = 0

========================================================================
Received Import Request.
  Time since last request: 0.000020 seconds.
  path: Assets/Scripts/Database/CreatureDatabase.cs
  artifactKey: Guid(fed6025a1e3fd424fb906876d31e2bf2) Importer(2089858483,192608db42251d675da83286b1cce702)
Start importing Assets/Scripts/Database/CreatureDatabase.cs using Guid(fed6025a1e3fd424fb906876d31e2bf2) Importer(2089858483,192608db42251d675da83286b1cce702) (ScriptedImporter) -> (artifact id: 'bfeba5d1e2f45da63a417595e413a099') in 0.0164872 seconds
Number of updated asset objects reloaded before import = 0Number of asset objects unloaded after import = 0

========================================================================
Received Import Request.
  Time since last request: 0.000026 seconds.
  path: Assets/Scripts/UI/RealmsOfEldor.UI.asmdef
  artifactKey: Guid(f30db5cde83203441bd7ecf3aef4be18) Importer(2089858483,192608db42251d675da83286b1cce702)
Start importing Assets/Scripts/UI/RealmsOfEldor.UI.asmdef using Guid(f30db5cde83203441bd7ecf3aef4be18) Importer(2089858483,192608db42251d675da83286b1cce702) (ScriptedImporter) -> (artifact id: '61b0348167ef54069f3bfd95ebc2c9e1') in 0.0176551 seconds
Number of updated asset objects reloaded before import = 0Number of asset objects unloaded after import = 1

========================================================================
Received Import Request.
  Time since last request: 0.000031 seconds.
  path: Assets/Scripts/Database/RealmsOfEldor.Database.asmdef
  artifactKey: Guid(f7fe06737d19d26468a485422063ee05) Importer(2089858483,192608db42251d675da83286b1cce702)
Start importing Assets/Scripts/Database/RealmsOfEldor.Database.asmdef using Guid(f7fe06737d19d26468a485422063ee05) Importer(2089858483,192608db42251d675da83286b1cce702) (ScriptedImporter) -> (artifact id: '6b1183bd93e31a65fec564fbd0743da2') in 0.023834 seconds
Number of updated asset objects reloaded before import = 0Number of asset objects unloaded after import = 1

========================================================================
Received Import Request.
  Time since last request: 0.000016 seconds.
  path: Assets/Scenes/SampleScene.unity
  artifactKey: Guid(8c9cfa26abfee488c85f1582747f6a02) Importer(2089858483,192608db42251d675da83286b1cce702)
Start importing Assets/Scenes/SampleScene.unity using Guid(8c9cfa26abfee488c85f1582747f6a02) Importer(2089858483,192608db42251d675da83286b1cce702) (ScriptedImporter) -> (artifact id: '2b3b4976da35c8c3999ebaf843cd2ad6') in 0.0250441 seconds
Number of updated asset objects reloaded before import = 0Number of asset objects unloaded after import = 1

========================================================================
Received Import Request.
  Time since last request: 0.000015 seconds.
  path: Assets/UniversalRenderPipelineGlobalSettings.asset
  artifactKey: Guid(93b439a37f63240aca3dd4e01d978a9f) Importer(2089858483,192608db42251d675da83286b1cce702)
Start importing Assets/UniversalRenderPipelineGlobalSettings.asset using Guid(93b439a37f63240aca3dd4e01d978a9f) Importer(2089858483,192608db42251d675da83286b1cce702) (ScriptedImporter) -> (artifact id: '78734874647b58b106904cbe659fa64c') in 0.1331974 seconds
Number of updated asset objects reloaded before import = 0Number of asset objects unloaded after import = 0

========================================================================
Received Import Request.
  Time since last request: 0.000025 seconds.
  path: Assets/Scripts/Data/EventChannels/GameEventChannel.cs
  artifactKey: Guid(dccb439159fb6684abf9338d3180a0d8) Importer(2089858483,192608db42251d675da83286b1cce702)
Start importing Assets/Scripts/Data/EventChannels/GameEventChannel.cs using Guid(dccb439159fb6684abf9338d3180a0d8) Importer(2089858483,192608db42251d675da83286b1cce702) (ScriptedImporter) -> (artifact id: '77a6ff68f552813958bfad1b8ffa4720') in 0.014648 seconds
Number of updated asset objects reloaded before import = 0Number of asset objects unloaded after import = 0

========================================================================
Received Import Request.
  Time since last request: 0.000029 seconds.
  path: Assets/Settings/Lit2DSceneTemplate.scenetemplate
  artifactKey: Guid(d03ed43fc9d8a4f2e9fa70c1c7916eb9) Importer(2089858483,192608db42251d675da83286b1cce702)
Start importing Assets/Settings/Lit2DSceneTemplate.scenetemplate using Guid(d03ed43fc9d8a4f2e9fa70c1c7916eb9) Importer(2089858483,192608db42251d675da83286b1cce702) (ScriptedImporter) -> (artifact id: '3831172cf87cc93231415322ccf9c4dc') in 0.0805224 seconds
Number of updated asset objects reloaded before import = 0Number of asset objects unloaded after import = 3

========================================================================
Received Import Request.
  Time since last request: 0.000020 seconds.
  path: Assets/Tests/EditMode/ResourceTests.cs
  artifactKey: Guid(d7fbcb76f39a22f4691c3021e5cc61fd) Importer(2089858483,192608db42251d675da83286b1cce702)
Start importing Assets/Tests/EditMode/ResourceTests.cs using Guid(d7fbcb76f39a22f4691c3021e5cc61fd) Importer(2089858483,192608db42251d675da83286b1cce702) (ScriptedImporter) -> (artifact id: '68c4a37c62265f04bcda1fcd3c7464a1') in 0.0152165 seconds
Number of updated asset objects reloaded before import = 0Number of asset objects unloaded after import = 0

========================================================================
Received Import Request.
  Time since last request: 0.000020 seconds.
  path: Assets/Settings/UniversalRP.asset
  artifactKey: Guid(681886c5eb7344803b6206f758bf0b1c) Importer(2089858483,192608db42251d675da83286b1cce702)
Start importing Assets/Settings/UniversalRP.asset using Guid(681886c5eb7344803b6206f758bf0b1c) Importer(2089858483,192608db42251d675da83286b1cce702) (ScriptedImporter) -> (artifact id: 'f5cae8fb6ab37eb89c9e6e5157995e09') in 0.0776693 seconds
Number of updated asset objects reloaded before import = 0Number of asset objects unloaded after import = 1

========================================================================
Received Import Request.
  Time since last request: 0.000025 seconds.
  path: Assets/Scripts/Data/HeroTypeData.cs
  artifactKey: Guid(bd4aaed3df43df948962fcec023638a4) Importer(2089858483,192608db42251d675da83286b1cce702)
Start importing Assets/Scripts/Data/HeroTypeData.cs using Guid(bd4aaed3df43df948962fcec023638a4) Importer(2089858483,192608db42251d675da83286b1cce702) (ScriptedImporter) -> (artifact id: 'd3872d2951cf155c0d868c5489b6bec0') in 0.0160506 seconds
Number of updated asset objects reloaded before import = 0Number of asset objects unloaded after import = 0

========================================================================
Received Import Request.
  Time since last request: 0.000016 seconds.
  path: Assets/Scripts/Core/RealmsOfEldor.Core.asmdef
  artifactKey: Guid(1d7afc45038d5fb46bd29e5ab063bb84) Importer(2089858483,192608db42251d675da83286b1cce702)
Start importing Assets/Scripts/Core/RealmsOfEldor.Core.asmdef using Guid(1d7afc45038d5fb46bd29e5ab063bb84) Importer(2089858483,192608db42251d675da83286b1cce702) (ScriptedImporter) -> (artifact id: '142ba9cd4da3984cfb1d64d89da76496') in 0.0215762 seconds
Number of updated asset objects reloaded before import = 0Number of asset objects unloaded after import = 1

========================================================================
Received Import Request.
  Time since last request: 0.000016 seconds.
  path: Assets/Scripts/Core/GameTypes.cs
  artifactKey: Guid(b2a697d68f4853949b2506ef00a79c4c) Importer(2089858483,192608db42251d675da83286b1cce702)
Start importing Assets/Scripts/Core/GameTypes.cs using Guid(b2a697d68f4853949b2506ef00a79c4c) Importer(2089858483,192608db42251d675da83286b1cce702) (ScriptedImporter) -> (artifact id: 'eca4b627c366127daa33f3c46ca02c43') in 0.0125353 seconds
Number of updated asset objects reloaded before import = 0Number of asset objects unloaded after import = 0

========================================================================
Received Import Request.
  Time since last request: 0.000014 seconds.
  path: Assets/Tests/EditMode/ArmyTests.cs
  artifactKey: Guid(7b6442b9016a4ec4a9da2c53b0d00fa9) Importer(2089858483,192608db42251d675da83286b1cce702)
Start importing Assets/Tests/EditMode/ArmyTests.cs using Guid(7b6442b9016a4ec4a9da2c53b0d00fa9) Importer(2089858483,192608db42251d675da83286b1cce702) (ScriptedImporter) -> (artifact id: 'f8ed67f3015be5b31b1509e5328a797c') in 0.0175113 seconds
Number of updated asset objects reloaded before import = 0Number of asset objects unloaded after import = 0

========================================================================
Received Import Request.
  Time since last request: 0.000020 seconds.
  path: Assets/Tests/EditMode/HeroTests.cs
  artifactKey: Guid(2a01e400ebf8a3c4e90cee20c6ffa388) Importer(2089858483,192608db42251d675da83286b1cce702)
Start importing Assets/Tests/EditMode/HeroTests.cs using Guid(2a01e400ebf8a3c4e90cee20c6ffa388) Importer(2089858483,192608db42251d675da83286b1cce702) (ScriptedImporter) -> (artifact id: '82a0d397c90e886873cdc3f102f73510') in 0.0145665 seconds
Number of updated asset objects reloaded before import = 0Number of asset objects unloaded after import = 0

========================================================================
Received Import Request.
  Time since last request: 0.000103 seconds.
  path: Assets/Scripts/Core/Position.cs
  artifactKey: Guid(c731e65a3c95e534fada816c5f060662) Importer(2089858483,192608db42251d675da83286b1cce702)
Start importing Assets/Scripts/Core/Position.cs using Guid(c731e65a3c95e534fada816c5f060662) Importer(2089858483,192608db42251d675da83286b1cce702) (ScriptedImporter) -> (artifact id: '635b271ac4efa0f51602e95898bc6336') in 0.0154654 seconds
Number of updated asset objects reloaded before import = 0Number of asset objects unloaded after import = 0

Editor requested this worker to shutdown with reason: Scaling down because of idle timeout
AssetImportWorker is now disconnected from the server
Process exiting
Exiting without the bug reporter. Application will terminate with return code 0